<?xml version="1.0" encoding="UTF-8"?>
<testsuites name="TSC_SQA_Shop_Full_Regression" time="605.656" tests="39" failures="0" errors="0">
   <testsuite name="TS_Register" tests="10" failures="0" errors="0" time="115.28" skipped="0" timestamp="2026-05-03T09:34:46.013Z" hostname="Fahmi-PC - LAPTOP-5S4VVRHI" id="Test Suites/TS_Register">
      <properties>
         <property name="deviceName" value=""/>
         <property name="devicePlatform"/>
         <property name="logFolder" value="C:\\laragon\\www\\sqa_shop\\Katalon_SQA_Shop\\Reports\\20260503_163352\\TS_Register\\20260503_163352"/>
         <property name="logFiles" value="C:\\laragon\\www\\sqa_shop\\Katalon_SQA_Shop\\Reports\\20260503_163352\\TS_Register\\20260503_163352\\console0.log, C:\\laragon\\www\\sqa_shop\\Katalon_SQA_Shop\\Reports\\20260503_163352\\TS_Register\\20260503_163352\\execution0.log"/>
         <property name="attachments" value=""/>
         <property name="executionBindingVariables" value="[]"/>
         <property name="hostName" value="Fahmi-PC - LAPTOP-5S4VVRHI"/>
         <property name="os" value="Windows 11 64bit"/>
         <property name="katalonVersion" value="11.1.1.0"/>
         <property name="browser" value="Chrome 147.0.7727.138"/>
         <property name="userFullName" value="fahmi ardiansyah"/>
         <property name="hostAddress" value="192.168.56.1"/>
         <property name="sessionId" value="c6ae404cf51b1d78bd15aa8d670c6125"/>
         <property name="projectName" value="Katalon_SQA_Shop"/>
         <property name="seleniumVersion" value="4.39.0"/>
         <property name="proxyInformation" value="ProxyInformation { proxyOption=NO_PROXY, proxyServerType=HTTP, username=, password=********, proxyServerAddress=, proxyServerPort=0, executionList=&quot;&quot;, isApplyToDesiredCapabilities=true }"/>
         <property name="platform" value="Windows 11"/>
      </properties>
      <testcase name="Test Cases/TC_Register/TC_REG_001_Registrasi_Data_Valid" time="14.793" classname="Test Cases/TC_Register/TC_REG_001_Registrasi_Data_Valid" status="PASSED">
         <system-out><![CDATA[03-05-2026T16:34:46 - [TEST_CASE][PASSED] - Test Cases/TC_Register/TC_REG_001_Registrasi_Data_Valid: Test Cases/TC_Register/TC_REG_001_Registrasi_Data_Valid

03-05-2026T16:34:46 - [TEST_STEP][PASSED] - uniqueEmail = "testuser_" + System.currentTimeMillis() + "@test.com": null

03-05-2026T16:34:46 - [TEST_STEP][PASSED] - openBrowser(""): Browser is opened with url: ''

03-05-2026T16:34:47 - [MESSAGE][INFO] - Starting 'Chrome' driver

03-05-2026T16:34:47 - [MESSAGE][INFO] - Action delay is set to 0 milliseconds

03-05-2026T16:34:50 - [MESSAGE][PASSED] - Browser is opened with url: ''

03-05-2026T16:34:50 - [TEST_STEP][PASSED] - navigateToUrl(baseUrl + "/register.php"): Navigate to 'https://sqashop.infinityfree.me/register.php' successfully

03-05-2026T16:34:53 - [MESSAGE][PASSED] - Navigate to 'https://sqashop.infinityfree.me/register.php' successfully

03-05-2026T16:34:53 - [TEST_STEP][PASSED] - maximizeWindow(): Current window maximized

03-05-2026T16:34:53 - [MESSAGE][PASSED] - Current window maximized

03-05-2026T16:34:53 - [TEST_STEP][PASSED] - verifyElementPresent(findTestObject("Page_Register/input_nama_lengkap"), timeout): Object 'Object Repository/Page_Register/input_nama_lengkap' is present

03-05-2026T16:34:54 - [MESSAGE][PASSED] - Object 'Object Repository/Page_Register/input_nama_lengkap' is present

03-05-2026T16:34:54 - [TEST_STEP][PASSED] - setText(findTestObject("Page_Register/input_nama_lengkap"), "Budi Santoso"): Text 'Budi Santoso' is set on object 'Object Repository/Page_Register/input_nama_lengkap'

03-05-2026T16:34:55 - [MESSAGE][PASSED] - Text 'Budi Santoso' is set on object 'Object Repository/Page_Register/input_nama_lengkap'

03-05-2026T16:34:55 - [TEST_STEP][PASSED] - setText(findTestObject("Page_Register/input_email"), uniqueEmail): Text 'testuser_1777800886761@test.com' is set on object 'Object Repository/Page_Register/input_email'

03-05-2026T16:34:56 - [MESSAGE][PASSED] - Text 'testuser_1777800886761@test.com' is set on object 'Object Repository/Page_Register/input_email'

03-05-2026T16:34:56 - [TEST_STEP][PASSED] - setText(findTestObject("Page_Register/input_password"), "Test1234"): Text 'Test1234' is set on object 'Object Repository/Page_Register/input_password'

03-05-2026T16:34:56 - [MESSAGE][PASSED] - Text 'Test1234' is set on object 'Object Repository/Page_Register/input_password'

03-05-2026T16:34:56 - [TEST_STEP][PASSED] - setText(findTestObject("Page_Register/input_konfirmasi_password"), "Test1234"): Text 'Test1234' is set on object 'Object Repository/Page_Register/input_konfirmasi_password'

03-05-2026T16:34:57 - [MESSAGE][PASSED] - Text 'Test1234' is set on object 'Object Repository/Page_Register/input_konfirmasi_password'

03-05-2026T16:34:57 - [TEST_STEP][PASSED] - setText(findTestObject("Page_Register/input_no_telepon"), "081234567890"): Text '081234567890' is set on object 'Object Repository/Page_Register/input_no_telepon'

03-05-2026T16:34:58 - [MESSAGE][PASSED] - Text '081234567890' is set on object 'Object Repository/Page_Register/input_no_telepon'

03-05-2026T16:34:58 - [TEST_STEP][PASSED] - setText(findTestObject("Page_Register/textarea_alamat"), "Jl. Merdeka No.1"): Text 'Jl. Merdeka No.1' is set on object 'Object Repository/Page_Register/textarea_alamat'

03-05-2026T16:34:59 - [MESSAGE][PASSED] - Text 'Jl. Merdeka No.1' is set on object 'Object Repository/Page_Register/textarea_alamat'

03-05-2026T16:34:59 - [TEST_STEP][PASSED] - click(findTestObject("Page_Register/btn_register")): Object: 'Object Repository/Page_Register/btn_register' is clicked on

03-05-2026T16:35:00 - [MESSAGE][PASSED] - Object: 'Object Repository/Page_Register/btn_register' is clicked on

03-05-2026T16:35:00 - [TEST_STEP][PASSED] - waitForPageLoad(timeout): Wait for page load successfully

03-05-2026T16:35:00 - [MESSAGE][PASSED] - Wait for page load successfully

03-05-2026T16:35:00 - [TEST_STEP][PASSED] - verifyMatch(getUrl(), ".*login.php.*", true): Actual text 'https://sqashop.infinityfree.me/login.php' and expected text '.*login.php.*' are matched  using regular expression

03-05-2026T16:35:00 - [MESSAGE][PASSED] - Current window's url is: 'https://sqashop.infinityfree.me/login.php'

03-05-2026T16:35:00 - [MESSAGE][PASSED] - Actual text 'https://sqashop.infinityfree.me/login.php' and expected text '.*login.php.*' are matched  using regular expression

03-05-2026T16:35:00 - [TEST_STEP][PASSED] - verifyElementPresent(findTestObject("Page_Login/alert_message"), timeout): Object 'Object Repository/Page_Login/alert_message' is present

03-05-2026T16:35:00 - [MESSAGE][PASSED] - Object 'Object Repository/Page_Login/alert_message' is present

03-05-2026T16:35:00 - [TEST_STEP][PASSED] - closeBrowser(): Browser is closed

03-05-2026T16:35:00 - [MESSAGE][PASSED] - Browser is closed]]></system-out>
         <system-err><![CDATA[]]></system-err>
      </testcase>
      <testcase name="Test Cases/TC_Register/TC_REG_002_Registrasi_Tanpa_Nama" time="9.267" classname="Test Cases/TC_Register/TC_REG_002_Registrasi_Tanpa_Nama" status="PASSED">
         <system-out><![CDATA[03-05-2026T16:35:00 - [TEST_CASE][PASSED] - Test Cases/TC_Register/TC_REG_002_Registrasi_Tanpa_Nama: Test Cases/TC_Register/TC_REG_002_Registrasi_Tanpa_Nama

03-05-2026T16:35:01 - [TEST_STEP][PASSED] - openBrowser(""): Browser is opened with url: ''

03-05-2026T16:35:01 - [MESSAGE][INFO] - Starting 'Chrome' driver

03-05-2026T16:35:01 - [MESSAGE][INFO] - Action delay is set to 0 milliseconds

03-05-2026T16:35:02 - [MESSAGE][PASSED] - Browser is opened with url: ''

03-05-2026T16:35:02 - [TEST_STEP][PASSED] - navigateToUrl(baseUrl + "/register.php"): Navigate to 'https://sqashop.infinityfree.me/register.php' successfully

03-05-2026T16:35:05 - [MESSAGE][PASSED] - Navigate to 'https://sqashop.infinityfree.me/register.php' successfully

03-05-2026T16:35:05 - [TEST_STEP][PASSED] - maximizeWindow(): Current window maximized

03-05-2026T16:35:05 - [MESSAGE][PASSED] - Current window maximized

03-05-2026T16:35:05 - [TEST_STEP][PASSED] - clearText(findTestObject("Page_Register/input_nama_lengkap")): Text of object 'Object Repository/Page_Register/input_nama_lengkap' is cleared

03-05-2026T16:35:06 - [MESSAGE][PASSED] - Text of object 'Object Repository/Page_Register/input_nama_lengkap' is cleared

03-05-2026T16:35:06 - [TEST_STEP][PASSED] - setText(findTestObject("Page_Register/input_email"), "test2@test.com"): Text 'test2@test.com' is set on object 'Object Repository/Page_Register/input_email'

03-05-2026T16:35:06 - [MESSAGE][PASSED] - Text 'test2@test.com' is set on object 'Object Repository/Page_Register/input_email'

03-05-2026T16:35:06 - [TEST_STEP][PASSED] - setText(findTestObject("Page_Register/input_password"), "Test1234"): Text 'Test1234' is set on object 'Object Repository/Page_Register/input_password'

03-05-2026T16:35:07 - [MESSAGE][PASSED] - Text 'Test1234' is set on object 'Object Repository/Page_Register/input_password'

03-05-2026T16:35:07 - [TEST_STEP][PASSED] - setText(findTestObject("Page_Register/input_konfirmasi_password"), "Test1234"): Text 'Test1234' is set on object 'Object Repository/Page_Register/input_konfirmasi_password'

03-05-2026T16:35:08 - [MESSAGE][PASSED] - Text 'Test1234' is set on object 'Object Repository/Page_Register/input_konfirmasi_password'

03-05-2026T16:35:08 - [TEST_STEP][PASSED] - click(findTestObject("Page_Register/btn_register")): Object: 'Object Repository/Page_Register/btn_register' is clicked on

03-05-2026T16:35:08 - [MESSAGE][PASSED] - Object: 'Object Repository/Page_Register/btn_register' is clicked on

03-05-2026T16:35:08 - [TEST_STEP][PASSED] - delay(1): Delayed 1 second(s)

03-05-2026T16:35:09 - [MESSAGE][PASSED] - Delayed 1 second(s)

03-05-2026T16:35:09 - [TEST_STEP][PASSED] - verifyMatch(getUrl(), ".*register.php.*", true): Actual text 'https://sqashop.infinityfree.me/register.php?i=1' and expected text '.*register.php.*' are matched  using regular expression

03-05-2026T16:35:09 - [MESSAGE][PASSED] - Current window's url is: 'https://sqashop.infinityfree.me/register.php?i=1'

03-05-2026T16:35:09 - [MESSAGE][PASSED] - Actual text 'https://sqashop.infinityfree.me/register.php?i=1' and expected text '.*register.php.*' are matched  using regular expression

03-05-2026T16:35:09 - [TEST_STEP][PASSED] - verifyElementHasAttribute(findTestObject("Page_Register/input_nama_lengkap"), "class", timeout): Object 'Object Repository/Page_Register/input_nama_lengkap' has attribute 'class'

03-05-2026T16:35:10 - [MESSAGE][PASSED] - Object 'Object Repository/Page_Register/input_nama_lengkap' has attribute 'class'

03-05-2026T16:35:10 - [TEST_STEP][PASSED] - closeBrowser(): Browser is closed

03-05-2026T16:35:10 - [MESSAGE][PASSED] - Browser is closed]]></system-out>
         <system-err><![CDATA[]]></system-err>
      </testcase>
      <testcase name="Test Cases/TC_Register/TC_REG_003_Registrasi_Nama_Kurang" time="9.075" classname="Test Cases/TC_Register/TC_REG_003_Registrasi_Nama_Kurang" status="PASSED">
         <system-out><![CDATA[03-05-2026T16:35:10 - [TEST_CASE][PASSED] - Test Cases/TC_Register/TC_REG_003_Registrasi_Nama_Kurang: Test Cases/TC_Register/TC_REG_003_Registrasi_Nama_Kurang

03-05-2026T16:35:10 - [TEST_STEP][PASSED] - openBrowser(""): Browser is opened with url: ''

03-05-2026T16:35:10 - [MESSAGE][INFO] - Starting 'Chrome' driver

03-05-2026T16:35:10 - [MESSAGE][INFO] - Action delay is set to 0 milliseconds

03-05-2026T16:35:11 - [MESSAGE][PASSED] - Browser is opened with url: ''

03-05-2026T16:35:11 - [TEST_STEP][PASSED] - navigateToUrl(baseUrl + "/register.php"): Navigate to 'https://sqashop.infinityfree.me/register.php' successfully

03-05-2026T16:35:14 - [MESSAGE][PASSED] - Navigate to 'https://sqashop.infinityfree.me/register.php' successfully

03-05-2026T16:35:14 - [TEST_STEP][PASSED] - maximizeWindow(): Current window maximized

03-05-2026T16:35:14 - [MESSAGE][PASSED] - Current window maximized

03-05-2026T16:35:14 - [TEST_STEP][PASSED] - setText(findTestObject("Page_Register/input_nama_lengkap"), "Ab"): Text 'Ab' is set on object 'Object Repository/Page_Register/input_nama_lengkap'

03-05-2026T16:35:15 - [MESSAGE][PASSED] - Text 'Ab' is set on object 'Object Repository/Page_Register/input_nama_lengkap'

03-05-2026T16:35:15 - [TEST_STEP][PASSED] - setText(findTestObject("Page_Register/input_email"), "test3@test.com"): Text 'test3@test.com' is set on object 'Object Repository/Page_Register/input_email'

03-05-2026T16:35:16 - [MESSAGE][PASSED] - Text 'test3@test.com' is set on object 'Object Repository/Page_Register/input_email'

03-05-2026T16:35:16 - [TEST_STEP][PASSED] - setText(findTestObject("Page_Register/input_password"), "Test1234"): Text 'Test1234' is set on object 'Object Repository/Page_Register/input_password'

03-05-2026T16:35:16 - [MESSAGE][PASSED] - Text 'Test1234' is set on object 'Object Repository/Page_Register/input_password'

03-05-2026T16:35:16 - [TEST_STEP][PASSED] - setText(findTestObject("Page_Register/input_konfirmasi_password"), "Test1234"): Text 'Test1234' is set on object 'Object Repository/Page_Register/input_konfirmasi_password'

03-05-2026T16:35:17 - [MESSAGE][PASSED] - Text 'Test1234' is set on object 'Object Repository/Page_Register/input_konfirmasi_password'

03-05-2026T16:35:17 - [TEST_STEP][PASSED] - click(findTestObject("Page_Register/btn_register")): Object: 'Object Repository/Page_Register/btn_register' is clicked on

03-05-2026T16:35:18 - [MESSAGE][PASSED] - Object: 'Object Repository/Page_Register/btn_register' is clicked on

03-05-2026T16:35:18 - [TEST_STEP][PASSED] - delay(1): Delayed 1 second(s)

03-05-2026T16:35:19 - [MESSAGE][PASSED] - Delayed 1 second(s)

03-05-2026T16:35:19 - [TEST_STEP][PASSED] - verifyMatch(getUrl(), ".*register.php.*", true): Actual text 'https://sqashop.infinityfree.me/register.php?i=1' and expected text '.*register.php.*' are matched  using regular expression

03-05-2026T16:35:19 - [MESSAGE][PASSED] - Current window's url is: 'https://sqashop.infinityfree.me/register.php?i=1'

03-05-2026T16:35:19 - [MESSAGE][PASSED] - Actual text 'https://sqashop.infinityfree.me/register.php?i=1' and expected text '.*register.php.*' are matched  using regular expression

03-05-2026T16:35:19 - [TEST_STEP][PASSED] - closeBrowser(): Browser is closed

03-05-2026T16:35:19 - [MESSAGE][PASSED] - Browser is closed]]></system-out>
         <system-err><![CDATA[]]></system-err>
      </testcase>
      <testcase name="Test Cases/TC_Register/TC_REG_004_Registrasi_Email_Invalid" time="9.477" classname="Test Cases/TC_Register/TC_REG_004_Registrasi_Email_Invalid" status="PASSED">
         <system-out><![CDATA[03-05-2026T16:35:19 - [TEST_CASE][PASSED] - Test Cases/TC_Register/TC_REG_004_Registrasi_Email_Invalid: Test Cases/TC_Register/TC_REG_004_Registrasi_Email_Invalid

03-05-2026T16:35:19 - [TEST_STEP][PASSED] - openBrowser(""): Browser is opened with url: ''

03-05-2026T16:35:19 - [MESSAGE][INFO] - Starting 'Chrome' driver

03-05-2026T16:35:19 - [MESSAGE][INFO] - Action delay is set to 0 milliseconds

03-05-2026T16:35:20 - [MESSAGE][PASSED] - Browser is opened with url: ''

03-05-2026T16:35:20 - [TEST_STEP][PASSED] - navigateToUrl(baseUrl + "/register.php"): Navigate to 'https://sqashop.infinityfree.me/register.php' successfully

03-05-2026T16:35:22 - [MESSAGE][PASSED] - Navigate to 'https://sqashop.infinityfree.me/register.php' successfully

03-05-2026T16:35:22 - [TEST_STEP][PASSED] - maximizeWindow(): Current window maximized

03-05-2026T16:35:24 - [MESSAGE][PASSED] - Current window maximized

03-05-2026T16:35:24 - [TEST_STEP][PASSED] - setText(findTestObject("Page_Register/input_nama_lengkap"), "Test User"): Text 'Test User' is set on object 'Object Repository/Page_Register/input_nama_lengkap'

03-05-2026T16:35:24 - [MESSAGE][PASSED] - Text 'Test User' is set on object 'Object Repository/Page_Register/input_nama_lengkap'

03-05-2026T16:35:24 - [TEST_STEP][PASSED] - setText(findTestObject("Page_Register/input_email"), "emailtanpaat"): Text 'emailtanpaat' is set on object 'Object Repository/Page_Register/input_email'

03-05-2026T16:35:25 - [MESSAGE][PASSED] - Text 'emailtanpaat' is set on object 'Object Repository/Page_Register/input_email'

03-05-2026T16:35:25 - [TEST_STEP][PASSED] - setText(findTestObject("Page_Register/input_password"), "Test1234"): Text 'Test1234' is set on object 'Object Repository/Page_Register/input_password'

03-05-2026T16:35:26 - [MESSAGE][PASSED] - Text 'Test1234' is set on object 'Object Repository/Page_Register/input_password'

03-05-2026T16:35:26 - [TEST_STEP][PASSED] - setText(findTestObject("Page_Register/input_konfirmasi_password"), "Test1234"): Text 'Test1234' is set on object 'Object Repository/Page_Register/input_konfirmasi_password'

03-05-2026T16:35:27 - [MESSAGE][PASSED] - Text 'Test1234' is set on object 'Object Repository/Page_Register/input_konfirmasi_password'

03-05-2026T16:35:27 - [TEST_STEP][PASSED] - click(findTestObject("Page_Register/btn_register")): Object: 'Object Repository/Page_Register/btn_register' is clicked on

03-05-2026T16:35:27 - [MESSAGE][PASSED] - Object: 'Object Repository/Page_Register/btn_register' is clicked on

03-05-2026T16:35:27 - [TEST_STEP][PASSED] - delay(1): Delayed 1 second(s)

03-05-2026T16:35:28 - [MESSAGE][PASSED] - Delayed 1 second(s)

03-05-2026T16:35:28 - [TEST_STEP][PASSED] - verifyMatch(getUrl(), ".*register.php.*", true): Actual text 'https://sqashop.infinityfree.me/register.php?i=1' and expected text '.*register.php.*' are matched  using regular expression

03-05-2026T16:35:28 - [MESSAGE][PASSED] - Current window's url is: 'https://sqashop.infinityfree.me/register.php?i=1'

03-05-2026T16:35:28 - [MESSAGE][PASSED] - Actual text 'https://sqashop.infinityfree.me/register.php?i=1' and expected text '.*register.php.*' are matched  using regular expression

03-05-2026T16:35:28 - [TEST_STEP][PASSED] - closeBrowser(): Browser is closed

03-05-2026T16:35:28 - [MESSAGE][PASSED] - Browser is closed]]></system-out>
         <system-err><![CDATA[]]></system-err>
      </testcase>
      <testcase name="Test Cases/TC_Register/TC_REG_005_Registrasi_Email_Duplikat" time="11.484" classname="Test Cases/TC_Register/TC_REG_005_Registrasi_Email_Duplikat" status="PASSED">
         <system-out><![CDATA[03-05-2026T16:35:28 - [TEST_CASE][PASSED] - Test Cases/TC_Register/TC_REG_005_Registrasi_Email_Duplikat: Test Cases/TC_Register/TC_REG_005_Registrasi_Email_Duplikat

03-05-2026T16:35:28 - [TEST_STEP][PASSED] - openBrowser(""): Browser is opened with url: ''

03-05-2026T16:35:28 - [MESSAGE][INFO] - Starting 'Chrome' driver

03-05-2026T16:35:28 - [MESSAGE][INFO] - Action delay is set to 0 milliseconds

03-05-2026T16:35:30 - [MESSAGE][PASSED] - Browser is opened with url: ''

03-05-2026T16:35:30 - [TEST_STEP][PASSED] - navigateToUrl(baseUrl + "/register.php"): Navigate to 'https://sqashop.infinityfree.me/register.php' successfully

03-05-2026T16:35:33 - [MESSAGE][PASSED] - Navigate to 'https://sqashop.infinityfree.me/register.php' successfully

03-05-2026T16:35:33 - [TEST_STEP][PASSED] - maximizeWindow(): Current window maximized

03-05-2026T16:35:33 - [MESSAGE][PASSED] - Current window maximized

03-05-2026T16:35:33 - [TEST_STEP][PASSED] - setText(findTestObject("Page_Register/input_nama_lengkap"), "Budi Dua"): Text 'Budi Dua' is set on object 'Object Repository/Page_Register/input_nama_lengkap'

03-05-2026T16:35:34 - [MESSAGE][PASSED] - Text 'Budi Dua' is set on object 'Object Repository/Page_Register/input_nama_lengkap'

03-05-2026T16:35:34 - [TEST_STEP][PASSED] - setText(findTestObject("Page_Register/input_email"), "budi@test.com"): Text 'budi@test.com' is set on object 'Object Repository/Page_Register/input_email'

03-05-2026T16:35:34 - [MESSAGE][PASSED] - Text 'budi@test.com' is set on object 'Object Repository/Page_Register/input_email'

03-05-2026T16:35:34 - [TEST_STEP][PASSED] - setText(findTestObject("Page_Register/input_password"), "Test1234"): Text 'Test1234' is set on object 'Object Repository/Page_Register/input_password'

03-05-2026T16:35:35 - [MESSAGE][PASSED] - Text 'Test1234' is set on object 'Object Repository/Page_Register/input_password'

03-05-2026T16:35:35 - [TEST_STEP][PASSED] - setText(findTestObject("Page_Register/input_konfirmasi_password"), "Test1234"): Text 'Test1234' is set on object 'Object Repository/Page_Register/input_konfirmasi_password'

03-05-2026T16:35:36 - [MESSAGE][PASSED] - Text 'Test1234' is set on object 'Object Repository/Page_Register/input_konfirmasi_password'

03-05-2026T16:35:36 - [TEST_STEP][PASSED] - click(findTestObject("Page_Register/btn_register")): Object: 'Object Repository/Page_Register/btn_register' is clicked on

03-05-2026T16:35:37 - [MESSAGE][PASSED] - Object: 'Object Repository/Page_Register/btn_register' is clicked on

03-05-2026T16:35:37 - [TEST_STEP][PASSED] - delay(2): Delayed 2 second(s)

03-05-2026T16:35:39 - [MESSAGE][PASSED] - Delayed 2 second(s)

03-05-2026T16:35:39 - [TEST_STEP][PASSED] - verifyMatch(getUrl(), ".*register.php.*", true): Actual text 'https://sqashop.infinityfree.me/register.php' and expected text '.*register.php.*' are matched  using regular expression

03-05-2026T16:35:39 - [MESSAGE][PASSED] - Current window's url is: 'https://sqashop.infinityfree.me/register.php'

03-05-2026T16:35:39 - [MESSAGE][PASSED] - Actual text 'https://sqashop.infinityfree.me/register.php' and expected text '.*register.php.*' are matched  using regular expression

03-05-2026T16:35:39 - [TEST_STEP][PASSED] - verifyElementPresent(findTestObject("Page_Register/alert_message"), timeout): Object 'Object Repository/Page_Register/alert_message' is present

03-05-2026T16:35:39 - [MESSAGE][PASSED] - Object 'Object Repository/Page_Register/alert_message' is present

03-05-2026T16:35:39 - [TEST_STEP][PASSED] - alertText = getText(findTestObject("Page_Register/alert_message")): Text of object 'Object Repository/Page_Register/alert_message' is: 'Email sudah terdaftar! Gunakan email lain.'

03-05-2026T16:35:40 - [MESSAGE][PASSED] - Text of object 'Object Repository/Page_Register/alert_message' is: 'Email sudah terdaftar! Gunakan email lain.'

03-05-2026T16:35:40 - [TEST_STEP][PASSED] - verifyMatch(alertText, ".*Email sudah terdaftar.*", true): Actual text 'Email sudah terdaftar! Gunakan email lain.' and expected text '.*Email sudah terdaftar.*' are matched  using regular expression

03-05-2026T16:35:40 - [MESSAGE][PASSED] - Actual text 'Email sudah terdaftar! Gunakan email lain.' and expected text '.*Email sudah terdaftar.*' are matched  using regular expression

03-05-2026T16:35:40 - [TEST_STEP][PASSED] - closeBrowser(): Browser is closed

03-05-2026T16:35:40 - [MESSAGE][PASSED] - Browser is closed]]></system-out>
         <system-err><![CDATA[]]></system-err>
      </testcase>
      <testcase name="Test Cases/TC_Register/TC_REG_006_Registrasi_Password_Kurang" time="8.643" classname="Test Cases/TC_Register/TC_REG_006_Registrasi_Password_Kurang" status="PASSED">
         <system-out><![CDATA[03-05-2026T16:35:40 - [TEST_CASE][PASSED] - Test Cases/TC_Register/TC_REG_006_Registrasi_Password_Kurang: Test Cases/TC_Register/TC_REG_006_Registrasi_Password_Kurang

03-05-2026T16:35:40 - [TEST_STEP][PASSED] - openBrowser(""): Browser is opened with url: ''

03-05-2026T16:35:40 - [MESSAGE][INFO] - Starting 'Chrome' driver

03-05-2026T16:35:40 - [MESSAGE][INFO] - Action delay is set to 0 milliseconds

03-05-2026T16:35:41 - [MESSAGE][PASSED] - Browser is opened with url: ''

03-05-2026T16:35:41 - [TEST_STEP][PASSED] - navigateToUrl(baseUrl + "/register.php"): Navigate to 'https://sqashop.infinityfree.me/register.php' successfully

03-05-2026T16:35:44 - [MESSAGE][PASSED] - Navigate to 'https://sqashop.infinityfree.me/register.php' successfully

03-05-2026T16:35:44 - [TEST_STEP][PASSED] - maximizeWindow(): Current window maximized

03-05-2026T16:35:44 - [MESSAGE][PASSED] - Current window maximized

03-05-2026T16:35:44 - [TEST_STEP][PASSED] - setText(findTestObject("Page_Register/input_nama_lengkap"), "Test User"): Text 'Test User' is set on object 'Object Repository/Page_Register/input_nama_lengkap'

03-05-2026T16:35:45 - [MESSAGE][PASSED] - Text 'Test User' is set on object 'Object Repository/Page_Register/input_nama_lengkap'

03-05-2026T16:35:45 - [TEST_STEP][PASSED] - setText(findTestObject("Page_Register/input_email"), "test6@test.com"): Text 'test6@test.com' is set on object 'Object Repository/Page_Register/input_email'

03-05-2026T16:35:45 - [MESSAGE][PASSED] - Text 'test6@test.com' is set on object 'Object Repository/Page_Register/input_email'

03-05-2026T16:35:45 - [TEST_STEP][PASSED] - setText(findTestObject("Page_Register/input_password"), "123"): Text '123' is set on object 'Object Repository/Page_Register/input_password'

03-05-2026T16:35:46 - [MESSAGE][PASSED] - Text '123' is set on object 'Object Repository/Page_Register/input_password'

03-05-2026T16:35:46 - [TEST_STEP][PASSED] - setText(findTestObject("Page_Register/input_konfirmasi_password"), "123"): Text '123' is set on object 'Object Repository/Page_Register/input_konfirmasi_password'

03-05-2026T16:35:47 - [MESSAGE][PASSED] - Text '123' is set on object 'Object Repository/Page_Register/input_konfirmasi_password'

03-05-2026T16:35:47 - [TEST_STEP][PASSED] - click(findTestObject("Page_Register/btn_register")): Object: 'Object Repository/Page_Register/btn_register' is clicked on

03-05-2026T16:35:47 - [MESSAGE][PASSED] - Object: 'Object Repository/Page_Register/btn_register' is clicked on

03-05-2026T16:35:47 - [TEST_STEP][PASSED] - delay(1): Delayed 1 second(s)

03-05-2026T16:35:48 - [MESSAGE][PASSED] - Delayed 1 second(s)

03-05-2026T16:35:48 - [TEST_STEP][PASSED] - verifyMatch(getUrl(), ".*register.php.*", true): Actual text 'https://sqashop.infinityfree.me/register.php?i=1' and expected text '.*register.php.*' are matched  using regular expression

03-05-2026T16:35:48 - [MESSAGE][PASSED] - Current window's url is: 'https://sqashop.infinityfree.me/register.php?i=1'

03-05-2026T16:35:48 - [MESSAGE][PASSED] - Actual text 'https://sqashop.infinityfree.me/register.php?i=1' and expected text '.*register.php.*' are matched  using regular expression

03-05-2026T16:35:48 - [TEST_STEP][PASSED] - closeBrowser(): Browser is closed

03-05-2026T16:35:48 - [MESSAGE][PASSED] - Browser is closed]]></system-out>
         <system-err><![CDATA[]]></system-err>
      </testcase>
      <testcase name="Test Cases/TC_Register/TC_REG_007_Registrasi_Password_Tidak_Cocok" time="19.926" classname="Test Cases/TC_Register/TC_REG_007_Registrasi_Password_Tidak_Cocok" status="PASSED">
         <system-out><![CDATA[03-05-2026T16:35:48 - [TEST_CASE][PASSED] - Test Cases/TC_Register/TC_REG_007_Registrasi_Password_Tidak_Cocok: Test Cases/TC_Register/TC_REG_007_Registrasi_Password_Tidak_Cocok

03-05-2026T16:35:48 - [TEST_STEP][PASSED] - openBrowser(""): Browser is opened with url: ''

03-05-2026T16:35:48 - [MESSAGE][INFO] - Starting 'Chrome' driver

03-05-2026T16:35:49 - [MESSAGE][INFO] - Action delay is set to 0 milliseconds

03-05-2026T16:35:50 - [MESSAGE][PASSED] - Browser is opened with url: ''

03-05-2026T16:35:50 - [TEST_STEP][PASSED] - navigateToUrl(baseUrl + "/register.php"): Navigate to 'https://sqashop.infinityfree.me/register.php' successfully

03-05-2026T16:35:52 - [MESSAGE][PASSED] - Navigate to 'https://sqashop.infinityfree.me/register.php' successfully

03-05-2026T16:35:52 - [TEST_STEP][PASSED] - maximizeWindow(): Current window maximized

03-05-2026T16:36:04 - [MESSAGE][PASSED] - Current window maximized

03-05-2026T16:36:04 - [TEST_STEP][PASSED] - setText(findTestObject("Page_Register/input_nama_lengkap"), "Test User"): Text 'Test User' is set on object 'Object Repository/Page_Register/input_nama_lengkap'

03-05-2026T16:36:05 - [MESSAGE][PASSED] - Text 'Test User' is set on object 'Object Repository/Page_Register/input_nama_lengkap'

03-05-2026T16:36:05 - [TEST_STEP][PASSED] - setText(findTestObject("Page_Register/input_email"), "test7@test.com"): Text 'test7@test.com' is set on object 'Object Repository/Page_Register/input_email'

03-05-2026T16:36:05 - [MESSAGE][PASSED] - Text 'test7@test.com' is set on object 'Object Repository/Page_Register/input_email'

03-05-2026T16:36:05 - [TEST_STEP][PASSED] - setText(findTestObject("Page_Register/input_password"), "Test1234"): Text 'Test1234' is set on object 'Object Repository/Page_Register/input_password'

03-05-2026T16:36:06 - [MESSAGE][PASSED] - Text 'Test1234' is set on object 'Object Repository/Page_Register/input_password'

03-05-2026T16:36:06 - [TEST_STEP][PASSED] - setText(findTestObject("Page_Register/input_konfirmasi_password"), "Test5678"): Text 'Test5678' is set on object 'Object Repository/Page_Register/input_konfirmasi_password'

03-05-2026T16:36:07 - [MESSAGE][PASSED] - Text 'Test5678' is set on object 'Object Repository/Page_Register/input_konfirmasi_password'

03-05-2026T16:36:07 - [TEST_STEP][PASSED] - click(findTestObject("Page_Register/btn_register")): Object: 'Object Repository/Page_Register/btn_register' is clicked on

03-05-2026T16:36:07 - [MESSAGE][PASSED] - Object: 'Object Repository/Page_Register/btn_register' is clicked on

03-05-2026T16:36:07 - [TEST_STEP][PASSED] - delay(1): Delayed 1 second(s)

03-05-2026T16:36:08 - [MESSAGE][PASSED] - Delayed 1 second(s)

03-05-2026T16:36:08 - [TEST_STEP][PASSED] - verifyMatch(getUrl(), ".*register.php.*", true): Actual text 'https://sqashop.infinityfree.me/register.php?i=1' and expected text '.*register.php.*' are matched  using regular expression

03-05-2026T16:36:08 - [MESSAGE][PASSED] - Current window's url is: 'https://sqashop.infinityfree.me/register.php?i=1'

03-05-2026T16:36:08 - [MESSAGE][PASSED] - Actual text 'https://sqashop.infinityfree.me/register.php?i=1' and expected text '.*register.php.*' are matched  using regular expression

03-05-2026T16:36:08 - [TEST_STEP][PASSED] - closeBrowser(): Browser is closed

03-05-2026T16:36:08 - [MESSAGE][PASSED] - Browser is closed]]></system-out>
         <system-err><![CDATA[]]></system-err>
      </testcase>
      <testcase name="Test Cases/TC_Register/TC_REG_008_Registrasi_Tanpa_Email" time="7.985" classname="Test Cases/TC_Register/TC_REG_008_Registrasi_Tanpa_Email" status="PASSED">
         <system-out><![CDATA[03-05-2026T16:36:08 - [TEST_CASE][PASSED] - Test Cases/TC_Register/TC_REG_008_Registrasi_Tanpa_Email: Test Cases/TC_Register/TC_REG_008_Registrasi_Tanpa_Email

03-05-2026T16:36:08 - [TEST_STEP][PASSED] - openBrowser(""): Browser is opened with url: ''

03-05-2026T16:36:08 - [MESSAGE][INFO] - Starting 'Chrome' driver

03-05-2026T16:36:08 - [MESSAGE][INFO] - Action delay is set to 0 milliseconds

03-05-2026T16:36:10 - [MESSAGE][PASSED] - Browser is opened with url: ''

03-05-2026T16:36:10 - [TEST_STEP][PASSED] - navigateToUrl(baseUrl + "/register.php"): Navigate to 'https://sqashop.infinityfree.me/register.php' successfully

03-05-2026T16:36:12 - [MESSAGE][PASSED] - Navigate to 'https://sqashop.infinityfree.me/register.php' successfully

03-05-2026T16:36:12 - [TEST_STEP][PASSED] - maximizeWindow(): Current window maximized

03-05-2026T16:36:12 - [MESSAGE][PASSED] - Current window maximized

03-05-2026T16:36:12 - [TEST_STEP][PASSED] - setText(findTestObject("Page_Register/input_nama_lengkap"), "Test User"): Text 'Test User' is set on object 'Object Repository/Page_Register/input_nama_lengkap'

03-05-2026T16:36:13 - [MESSAGE][PASSED] - Text 'Test User' is set on object 'Object Repository/Page_Register/input_nama_lengkap'

03-05-2026T16:36:13 - [TEST_STEP][PASSED] - clearText(findTestObject("Page_Register/input_email")): Text of object 'Object Repository/Page_Register/input_email' is cleared

03-05-2026T16:36:13 - [MESSAGE][PASSED] - Text of object 'Object Repository/Page_Register/input_email' is cleared

03-05-2026T16:36:13 - [TEST_STEP][PASSED] - setText(findTestObject("Page_Register/input_password"), "Test1234"): Text 'Test1234' is set on object 'Object Repository/Page_Register/input_password'

03-05-2026T16:36:14 - [MESSAGE][PASSED] - Text 'Test1234' is set on object 'Object Repository/Page_Register/input_password'

03-05-2026T16:36:14 - [TEST_STEP][PASSED] - setText(findTestObject("Page_Register/input_konfirmasi_password"), "Test1234"): Text 'Test1234' is set on object 'Object Repository/Page_Register/input_konfirmasi_password'

03-05-2026T16:36:15 - [MESSAGE][PASSED] - Text 'Test1234' is set on object 'Object Repository/Page_Register/input_konfirmasi_password'

03-05-2026T16:36:15 - [TEST_STEP][PASSED] - click(findTestObject("Page_Register/btn_register")): Object: 'Object Repository/Page_Register/btn_register' is clicked on

03-05-2026T16:36:15 - [MESSAGE][PASSED] - Object: 'Object Repository/Page_Register/btn_register' is clicked on

03-05-2026T16:36:15 - [TEST_STEP][PASSED] - delay(1): Delayed 1 second(s)

03-05-2026T16:36:16 - [MESSAGE][PASSED] - Delayed 1 second(s)

03-05-2026T16:36:16 - [TEST_STEP][PASSED] - verifyMatch(getUrl(), ".*register.php.*", true): Actual text 'https://sqashop.infinityfree.me/register.php?i=1' and expected text '.*register.php.*' are matched  using regular expression

03-05-2026T16:36:16 - [MESSAGE][PASSED] - Current window's url is: 'https://sqashop.infinityfree.me/register.php?i=1'

03-05-2026T16:36:16 - [MESSAGE][PASSED] - Actual text 'https://sqashop.infinityfree.me/register.php?i=1' and expected text '.*register.php.*' are matched  using regular expression

03-05-2026T16:36:16 - [TEST_STEP][PASSED] - closeBrowser(): Browser is closed

03-05-2026T16:36:16 - [MESSAGE][PASSED] - Browser is closed]]></system-out>
         <system-err><![CDATA[]]></system-err>
      </testcase>
      <testcase name="Test Cases/TC_Register/TC_REG_009_Registrasi_Telepon_Invalid" time="12.584" classname="Test Cases/TC_Register/TC_REG_009_Registrasi_Telepon_Invalid" status="PASSED">
         <system-out><![CDATA[03-05-2026T16:36:16 - [TEST_CASE][PASSED] - Test Cases/TC_Register/TC_REG_009_Registrasi_Telepon_Invalid: Test Cases/TC_Register/TC_REG_009_Registrasi_Telepon_Invalid

03-05-2026T16:36:16 - [TEST_STEP][PASSED] - uniqueEmail = "test9_" + System.currentTimeMillis() + "@test.com": null

03-05-2026T16:36:16 - [TEST_STEP][PASSED] - openBrowser(""): Browser is opened with url: ''

03-05-2026T16:36:16 - [MESSAGE][INFO] - Starting 'Chrome' driver

03-05-2026T16:36:16 - [MESSAGE][INFO] - Action delay is set to 0 milliseconds

03-05-2026T16:36:18 - [MESSAGE][PASSED] - Browser is opened with url: ''

03-05-2026T16:36:18 - [TEST_STEP][PASSED] - navigateToUrl(baseUrl + "/register.php"): Navigate to 'https://sqashop.infinityfree.me/register.php' successfully

03-05-2026T16:36:24 - [MESSAGE][PASSED] - Navigate to 'https://sqashop.infinityfree.me/register.php' successfully

03-05-2026T16:36:24 - [TEST_STEP][PASSED] - maximizeWindow(): Current window maximized

03-05-2026T16:36:24 - [MESSAGE][PASSED] - Current window maximized

03-05-2026T16:36:24 - [TEST_STEP][PASSED] - setText(findTestObject("Page_Register/input_nama_lengkap"), "Test User"): Text 'Test User' is set on object 'Object Repository/Page_Register/input_nama_lengkap'

03-05-2026T16:36:24 - [MESSAGE][PASSED] - Text 'Test User' is set on object 'Object Repository/Page_Register/input_nama_lengkap'

03-05-2026T16:36:24 - [TEST_STEP][PASSED] - setText(findTestObject("Page_Register/input_email"), uniqueEmail): Text 'test9_1777800976928@test.com' is set on object 'Object Repository/Page_Register/input_email'

03-05-2026T16:36:25 - [MESSAGE][PASSED] - Text 'test9_1777800976928@test.com' is set on object 'Object Repository/Page_Register/input_email'

03-05-2026T16:36:25 - [TEST_STEP][PASSED] - setText(findTestObject("Page_Register/input_password"), "Test1234"): Text 'Test1234' is set on object 'Object Repository/Page_Register/input_password'

03-05-2026T16:36:26 - [MESSAGE][PASSED] - Text 'Test1234' is set on object 'Object Repository/Page_Register/input_password'

03-05-2026T16:36:26 - [TEST_STEP][PASSED] - setText(findTestObject("Page_Register/input_konfirmasi_password"), "Test1234"): Text 'Test1234' is set on object 'Object Repository/Page_Register/input_konfirmasi_password'

03-05-2026T16:36:27 - [MESSAGE][PASSED] - Text 'Test1234' is set on object 'Object Repository/Page_Register/input_konfirmasi_password'

03-05-2026T16:36:27 - [TEST_STEP][PASSED] - setText(findTestObject("Page_Register/input_no_telepon"), "0812"): Text '0812' is set on object 'Object Repository/Page_Register/input_no_telepon'

03-05-2026T16:36:27 - [MESSAGE][PASSED] - Text '0812' is set on object 'Object Repository/Page_Register/input_no_telepon'

03-05-2026T16:36:27 - [TEST_STEP][PASSED] - click(findTestObject("Page_Register/btn_register")): Object: 'Object Repository/Page_Register/btn_register' is clicked on

03-05-2026T16:36:28 - [MESSAGE][PASSED] - Object: 'Object Repository/Page_Register/btn_register' is clicked on

03-05-2026T16:36:28 - [TEST_STEP][PASSED] - delay(1): Delayed 1 second(s)

03-05-2026T16:36:29 - [MESSAGE][PASSED] - Delayed 1 second(s)

03-05-2026T16:36:29 - [TEST_STEP][PASSED] - verifyMatch(getUrl(), ".*register.php.*", true): Actual text 'https://sqashop.infinityfree.me/register.php?i=1' and expected text '.*register.php.*' are matched  using regular expression

03-05-2026T16:36:29 - [MESSAGE][PASSED] - Current window's url is: 'https://sqashop.infinityfree.me/register.php?i=1'

03-05-2026T16:36:29 - [MESSAGE][PASSED] - Actual text 'https://sqashop.infinityfree.me/register.php?i=1' and expected text '.*register.php.*' are matched  using regular expression

03-05-2026T16:36:29 - [TEST_STEP][PASSED] - closeBrowser(): Browser is closed

03-05-2026T16:36:29 - [MESSAGE][PASSED] - Browser is closed]]></system-out>
         <system-err><![CDATA[]]></system-err>
      </testcase>
      <testcase name="Test Cases/TC_Register/TC_REG_010_Registrasi_Tanpa_Opsional" time="11.85" classname="Test Cases/TC_Register/TC_REG_010_Registrasi_Tanpa_Opsional" status="PASSED">
         <system-out><![CDATA[03-05-2026T16:36:29 - [TEST_CASE][PASSED] - Test Cases/TC_Register/TC_REG_010_Registrasi_Tanpa_Opsional: Test Cases/TC_Register/TC_REG_010_Registrasi_Tanpa_Opsional

03-05-2026T16:36:29 - [TEST_STEP][PASSED] - uniqueEmail = "test10_" + System.currentTimeMillis() + "@test.com": null

03-05-2026T16:36:29 - [TEST_STEP][PASSED] - openBrowser(""): Browser is opened with url: ''

03-05-2026T16:36:29 - [MESSAGE][INFO] - Starting 'Chrome' driver

03-05-2026T16:36:29 - [MESSAGE][INFO] - Action delay is set to 0 milliseconds

03-05-2026T16:36:30 - [MESSAGE][PASSED] - Browser is opened with url: ''

03-05-2026T16:36:30 - [TEST_STEP][PASSED] - navigateToUrl(baseUrl + "/register.php"): Navigate to 'https://sqashop.infinityfree.me/register.php' successfully

03-05-2026T16:36:33 - [MESSAGE][PASSED] - Navigate to 'https://sqashop.infinityfree.me/register.php' successfully

03-05-2026T16:36:33 - [TEST_STEP][PASSED] - maximizeWindow(): Current window maximized

03-05-2026T16:36:33 - [MESSAGE][PASSED] - Current window maximized

03-05-2026T16:36:33 - [TEST_STEP][PASSED] - setText(findTestObject("Page_Register/input_nama_lengkap"), "Test User"): Text 'Test User' is set on object 'Object Repository/Page_Register/input_nama_lengkap'

03-05-2026T16:36:34 - [MESSAGE][PASSED] - Text 'Test User' is set on object 'Object Repository/Page_Register/input_nama_lengkap'

03-05-2026T16:36:34 - [TEST_STEP][PASSED] - setText(findTestObject("Page_Register/input_email"), uniqueEmail): Text 'test10_1777800989514@test.com' is set on object 'Object Repository/Page_Register/input_email'

03-05-2026T16:36:35 - [MESSAGE][PASSED] - Text 'test10_1777800989514@test.com' is set on object 'Object Repository/Page_Register/input_email'

03-05-2026T16:36:35 - [TEST_STEP][PASSED] - setText(findTestObject("Page_Register/input_password"), "Test1234"): Text 'Test1234' is set on object 'Object Repository/Page_Register/input_password'

03-05-2026T16:36:36 - [MESSAGE][PASSED] - Text 'Test1234' is set on object 'Object Repository/Page_Register/input_password'

03-05-2026T16:36:36 - [TEST_STEP][PASSED] - setText(findTestObject("Page_Register/input_konfirmasi_password"), "Test1234"): Text 'Test1234' is set on object 'Object Repository/Page_Register/input_konfirmasi_password'

03-05-2026T16:36:37 - [MESSAGE][PASSED] - Text 'Test1234' is set on object 'Object Repository/Page_Register/input_konfirmasi_password'

03-05-2026T16:36:37 - [TEST_STEP][PASSED] - clearText(findTestObject("Page_Register/input_no_telepon")): Text of object 'Object Repository/Page_Register/input_no_telepon' is cleared

03-05-2026T16:36:37 - [MESSAGE][PASSED] - Text of object 'Object Repository/Page_Register/input_no_telepon' is cleared

03-05-2026T16:36:37 - [TEST_STEP][PASSED] - clearText(findTestObject("Page_Register/textarea_alamat")): Text of object 'Object Repository/Page_Register/textarea_alamat' is cleared

03-05-2026T16:36:37 - [MESSAGE][PASSED] - Text of object 'Object Repository/Page_Register/textarea_alamat' is cleared

03-05-2026T16:36:37 - [TEST_STEP][PASSED] - click(findTestObject("Page_Register/btn_register")): Object: 'Object Repository/Page_Register/btn_register' is clicked on

03-05-2026T16:36:39 - [MESSAGE][PASSED] - Object: 'Object Repository/Page_Register/btn_register' is clicked on

03-05-2026T16:36:39 - [TEST_STEP][PASSED] - delay(2): Delayed 2 second(s)

03-05-2026T16:36:41 - [MESSAGE][PASSED] - Delayed 2 second(s)

03-05-2026T16:36:41 - [TEST_STEP][PASSED] - verifyMatch(getUrl(), ".*login.php.*", true): Actual text 'https://sqashop.infinityfree.me/login.php' and expected text '.*login.php.*' are matched  using regular expression

03-05-2026T16:36:41 - [MESSAGE][PASSED] - Current window's url is: 'https://sqashop.infinityfree.me/login.php'

03-05-2026T16:36:41 - [MESSAGE][PASSED] - Actual text 'https://sqashop.infinityfree.me/login.php' and expected text '.*login.php.*' are matched  using regular expression

03-05-2026T16:36:41 - [TEST_STEP][PASSED] - closeBrowser(): Browser is closed

03-05-2026T16:36:41 - [MESSAGE][PASSED] - Browser is closed]]></system-out>
         <system-err><![CDATA[]]></system-err>
      </testcase>
      <system-out><![CDATA[03-05-2026T16:34:46 - [TEST_SUITE][PASSED] - TS_Register: null]]></system-out>
      <system-err><![CDATA[]]></system-err>
   </testsuite>
   <testsuite name="TS_Login" tests="8" failures="0" errors="0" time="79.365" skipped="0" timestamp="2026-05-03T09:36:46.281Z" hostname="Fahmi-PC - LAPTOP-5S4VVRHI" id="Test Suites/TS_Login">
      <properties>
         <property name="deviceName" value=""/>
         <property name="devicePlatform"/>
         <property name="logFolder" value="C:\\laragon\\www\\sqa_shop\\Katalon_SQA_Shop\\Reports\\20260503_163352\\TS_Login\\20260503_163357"/>
         <property name="logFiles" value="C:\\laragon\\www\\sqa_shop\\Katalon_SQA_Shop\\Reports\\20260503_163352\\TS_Login\\20260503_163357\\console0.log, C:\\laragon\\www\\sqa_shop\\Katalon_SQA_Shop\\Reports\\20260503_163352\\TS_Login\\20260503_163357\\execution0.log"/>
         <property name="attachments" value=""/>
         <property name="executionBindingVariables" value="[]"/>
         <property name="hostName" value="Fahmi-PC - LAPTOP-5S4VVRHI"/>
         <property name="os" value="Windows 11 64bit"/>
         <property name="katalonVersion" value="11.1.1.0"/>
         <property name="browser" value="Chrome 147.0.7727.138"/>
         <property name="userFullName" value="fahmi ardiansyah"/>
         <property name="hostAddress" value="192.168.56.1"/>
         <property name="sessionId" value="fff83699b9de2dc53e237d0499f44dd9"/>
         <property name="projectName" value="Katalon_SQA_Shop"/>
         <property name="seleniumVersion" value="4.39.0"/>
         <property name="proxyInformation" value="ProxyInformation { proxyOption=NO_PROXY, proxyServerType=HTTP, username=, password=********, proxyServerAddress=, proxyServerPort=0, executionList=&quot;&quot;, isApplyToDesiredCapabilities=true }"/>
         <property name="platform" value="Windows 11"/>
      </properties>
      <testcase name="Test Cases/TC_Login/TC_LOG_001_Login_Valid" time="16.48" classname="Test Cases/TC_Login/TC_LOG_001_Login_Valid" status="PASSED">
         <system-out><![CDATA[03-05-2026T16:36:46 - [TEST_CASE][PASSED] - Test Cases/TC_Login/TC_LOG_001_Login_Valid: Test Cases/TC_Login/TC_LOG_001_Login_Valid

03-05-2026T16:36:46 - [TEST_STEP][PASSED] - openBrowser(""): Browser is opened with url: ''

03-05-2026T16:36:47 - [MESSAGE][INFO] - Starting 'Chrome' driver

03-05-2026T16:36:47 - [MESSAGE][INFO] - Action delay is set to 0 milliseconds

03-05-2026T16:36:50 - [MESSAGE][PASSED] - Browser is opened with url: ''

03-05-2026T16:36:50 - [TEST_STEP][PASSED] - navigateToUrl(baseUrl + "/login.php"): Navigate to 'https://sqashop.infinityfree.me/login.php' successfully

03-05-2026T16:36:54 - [MESSAGE][PASSED] - Navigate to 'https://sqashop.infinityfree.me/login.php' successfully

03-05-2026T16:36:54 - [TEST_STEP][PASSED] - maximizeWindow(): Current window maximized

03-05-2026T16:36:54 - [MESSAGE][PASSED] - Current window maximized

03-05-2026T16:36:54 - [TEST_STEP][PASSED] - verifyElementPresent(findTestObject("Page_Login/input_email"), timeout): Object 'Object Repository/Page_Login/input_email' is present

03-05-2026T16:36:54 - [MESSAGE][PASSED] - Object 'Object Repository/Page_Login/input_email' is present

03-05-2026T16:36:54 - [TEST_STEP][PASSED] - setText(findTestObject("Page_Login/input_email"), validEmail): Text 'budi@test.com' is set on object 'Object Repository/Page_Login/input_email'

03-05-2026T16:36:55 - [MESSAGE][PASSED] - Text 'budi@test.com' is set on object 'Object Repository/Page_Login/input_email'

03-05-2026T16:36:55 - [TEST_STEP][PASSED] - setText(findTestObject("Page_Login/input_password"), validPassword): Text 'Test1234' is set on object 'Object Repository/Page_Login/input_password'

03-05-2026T16:36:56 - [MESSAGE][PASSED] - Text 'Test1234' is set on object 'Object Repository/Page_Login/input_password'

03-05-2026T16:36:56 - [TEST_STEP][PASSED] - click(findTestObject("Page_Login/btn_login")): Object: 'Object Repository/Page_Login/btn_login' is clicked on

03-05-2026T16:37:00 - [MESSAGE][PASSED] - Object: 'Object Repository/Page_Login/btn_login' is clicked on

03-05-2026T16:37:00 - [TEST_STEP][PASSED] - delay(2): Delayed 2 second(s)

03-05-2026T16:37:02 - [MESSAGE][PASSED] - Delayed 2 second(s)

03-05-2026T16:37:02 - [TEST_STEP][PASSED] - verifyMatch(getUrl(), ".*index.php.*", true): Actual text 'https://sqashop.infinityfree.me/index.php' and expected text '.*index.php.*' are matched  using regular expression

03-05-2026T16:37:02 - [MESSAGE][PASSED] - Current window's url is: 'https://sqashop.infinityfree.me/index.php'

03-05-2026T16:37:02 - [MESSAGE][PASSED] - Actual text 'https://sqashop.infinityfree.me/index.php' and expected text '.*index.php.*' are matched  using regular expression

03-05-2026T16:37:02 - [TEST_STEP][PASSED] - verifyElementPresent(findTestObject("Page_Navbar/link_logout"), timeout): Object 'Object Repository/Page_Navbar/link_logout' is present

03-05-2026T16:37:02 - [MESSAGE][PASSED] - Object 'Object Repository/Page_Navbar/link_logout' is present

03-05-2026T16:37:02 - [TEST_STEP][PASSED] - closeBrowser(): Browser is closed

03-05-2026T16:37:02 - [MESSAGE][PASSED] - Browser is closed]]></system-out>
         <system-err><![CDATA[]]></system-err>
      </testcase>
      <testcase name="Test Cases/TC_Login/TC_LOG_002_Login_Email_Tidak_Terdaftar" time="9.301" classname="Test Cases/TC_Login/TC_LOG_002_Login_Email_Tidak_Terdaftar" status="PASSED">
         <system-out><![CDATA[03-05-2026T16:37:02 - [TEST_CASE][PASSED] - Test Cases/TC_Login/TC_LOG_002_Login_Email_Tidak_Terdaftar: Test Cases/TC_Login/TC_LOG_002_Login_Email_Tidak_Terdaftar

03-05-2026T16:37:03 - [TEST_STEP][PASSED] - openBrowser(""): Browser is opened with url: ''

03-05-2026T16:37:03 - [MESSAGE][INFO] - Starting 'Chrome' driver

03-05-2026T16:37:03 - [MESSAGE][INFO] - Action delay is set to 0 milliseconds

03-05-2026T16:37:04 - [MESSAGE][PASSED] - Browser is opened with url: ''

03-05-2026T16:37:04 - [TEST_STEP][PASSED] - navigateToUrl(baseUrl + "/login.php"): Navigate to 'https://sqashop.infinityfree.me/login.php' successfully

03-05-2026T16:37:07 - [MESSAGE][PASSED] - Navigate to 'https://sqashop.infinityfree.me/login.php' successfully

03-05-2026T16:37:07 - [TEST_STEP][PASSED] - maximizeWindow(): Current window maximized

03-05-2026T16:37:07 - [MESSAGE][PASSED] - Current window maximized

03-05-2026T16:37:07 - [TEST_STEP][PASSED] - setText(findTestObject("Page_Login/input_email"), "tidakada@test.com"): Text 'tidakada@test.com' is set on object 'Object Repository/Page_Login/input_email'

03-05-2026T16:37:08 - [MESSAGE][PASSED] - Text 'tidakada@test.com' is set on object 'Object Repository/Page_Login/input_email'

03-05-2026T16:37:08 - [TEST_STEP][PASSED] - setText(findTestObject("Page_Login/input_password"), "Test1234"): Text 'Test1234' is set on object 'Object Repository/Page_Login/input_password'

03-05-2026T16:37:08 - [MESSAGE][PASSED] - Text 'Test1234' is set on object 'Object Repository/Page_Login/input_password'

03-05-2026T16:37:08 - [TEST_STEP][PASSED] - click(findTestObject("Page_Login/btn_login")): Object: 'Object Repository/Page_Login/btn_login' is clicked on

03-05-2026T16:37:09 - [MESSAGE][PASSED] - Object: 'Object Repository/Page_Login/btn_login' is clicked on

03-05-2026T16:37:09 - [TEST_STEP][PASSED] - delay(2): Delayed 2 second(s)

03-05-2026T16:37:11 - [MESSAGE][PASSED] - Delayed 2 second(s)

03-05-2026T16:37:11 - [TEST_STEP][PASSED] - verifyElementPresent(findTestObject("Page_Login/alert_message"), timeout): Object 'Object Repository/Page_Login/alert_message' is present

03-05-2026T16:37:12 - [MESSAGE][PASSED] - Object 'Object Repository/Page_Login/alert_message' is present

03-05-2026T16:37:12 - [TEST_STEP][PASSED] - closeBrowser(): Browser is closed

03-05-2026T16:37:12 - [MESSAGE][PASSED] - Browser is closed]]></system-out>
         <system-err><![CDATA[]]></system-err>
      </testcase>
      <testcase name="Test Cases/TC_Login/TC_LOG_003_Login_Password_Salah" time="9.687" classname="Test Cases/TC_Login/TC_LOG_003_Login_Password_Salah" status="PASSED">
         <system-out><![CDATA[03-05-2026T16:37:12 - [TEST_CASE][PASSED] - Test Cases/TC_Login/TC_LOG_003_Login_Password_Salah: Test Cases/TC_Login/TC_LOG_003_Login_Password_Salah

03-05-2026T16:37:12 - [TEST_STEP][PASSED] - openBrowser(""): Browser is opened with url: ''

03-05-2026T16:37:12 - [MESSAGE][INFO] - Starting 'Chrome' driver

03-05-2026T16:37:12 - [MESSAGE][INFO] - Action delay is set to 0 milliseconds

03-05-2026T16:37:13 - [MESSAGE][PASSED] - Browser is opened with url: ''

03-05-2026T16:37:13 - [TEST_STEP][PASSED] - navigateToUrl(baseUrl + "/login.php"): Navigate to 'https://sqashop.infinityfree.me/login.php' successfully

03-05-2026T16:37:16 - [MESSAGE][PASSED] - Navigate to 'https://sqashop.infinityfree.me/login.php' successfully

03-05-2026T16:37:16 - [TEST_STEP][PASSED] - maximizeWindow(): Current window maximized

03-05-2026T16:37:16 - [MESSAGE][PASSED] - Current window maximized

03-05-2026T16:37:16 - [TEST_STEP][PASSED] - setText(findTestObject("Page_Login/input_email"), validEmail): Text 'budi@test.com' is set on object 'Object Repository/Page_Login/input_email'

03-05-2026T16:37:17 - [MESSAGE][PASSED] - Text 'budi@test.com' is set on object 'Object Repository/Page_Login/input_email'

03-05-2026T16:37:17 - [TEST_STEP][PASSED] - setText(findTestObject("Page_Login/input_password"), "SalahPassword"): Text 'SalahPassword' is set on object 'Object Repository/Page_Login/input_password'

03-05-2026T16:37:18 - [MESSAGE][PASSED] - Text 'SalahPassword' is set on object 'Object Repository/Page_Login/input_password'

03-05-2026T16:37:18 - [TEST_STEP][PASSED] - click(findTestObject("Page_Login/btn_login")): Object: 'Object Repository/Page_Login/btn_login' is clicked on

03-05-2026T16:37:19 - [MESSAGE][PASSED] - Object: 'Object Repository/Page_Login/btn_login' is clicked on

03-05-2026T16:37:19 - [TEST_STEP][PASSED] - delay(2): Delayed 2 second(s)

03-05-2026T16:37:21 - [MESSAGE][PASSED] - Delayed 2 second(s)

03-05-2026T16:37:21 - [TEST_STEP][PASSED] - verifyElementPresent(findTestObject("Page_Login/alert_message"), timeout): Object 'Object Repository/Page_Login/alert_message' is present

03-05-2026T16:37:21 - [MESSAGE][PASSED] - Object 'Object Repository/Page_Login/alert_message' is present

03-05-2026T16:37:21 - [TEST_STEP][PASSED] - closeBrowser(): Browser is closed

03-05-2026T16:37:21 - [MESSAGE][PASSED] - Browser is closed]]></system-out>
         <system-err><![CDATA[]]></system-err>
      </testcase>
      <testcase name="Test Cases/TC_Login/TC_LOG_004_Login_Tanpa_Email" time="7.492" classname="Test Cases/TC_Login/TC_LOG_004_Login_Tanpa_Email" status="PASSED">
         <system-out><![CDATA[03-05-2026T16:37:21 - [TEST_CASE][PASSED] - Test Cases/TC_Login/TC_LOG_004_Login_Tanpa_Email: Test Cases/TC_Login/TC_LOG_004_Login_Tanpa_Email

03-05-2026T16:37:22 - [TEST_STEP][PASSED] - openBrowser(""): Browser is opened with url: ''

03-05-2026T16:37:22 - [MESSAGE][INFO] - Starting 'Chrome' driver

03-05-2026T16:37:22 - [MESSAGE][INFO] - Action delay is set to 0 milliseconds

03-05-2026T16:37:23 - [MESSAGE][PASSED] - Browser is opened with url: ''

03-05-2026T16:37:23 - [TEST_STEP][PASSED] - navigateToUrl(baseUrl + "/login.php"): Navigate to 'https://sqashop.infinityfree.me/login.php' successfully

03-05-2026T16:37:26 - [MESSAGE][PASSED] - Navigate to 'https://sqashop.infinityfree.me/login.php' successfully

03-05-2026T16:37:26 - [TEST_STEP][PASSED] - maximizeWindow(): Current window maximized

03-05-2026T16:37:26 - [MESSAGE][PASSED] - Current window maximized

03-05-2026T16:37:26 - [TEST_STEP][PASSED] - clearText(findTestObject("Page_Login/input_email")): Text of object 'Object Repository/Page_Login/input_email' is cleared

03-05-2026T16:37:27 - [MESSAGE][PASSED] - Text of object 'Object Repository/Page_Login/input_email' is cleared

03-05-2026T16:37:27 - [TEST_STEP][PASSED] - setText(findTestObject("Page_Login/input_password"), "Test1234"): Text 'Test1234' is set on object 'Object Repository/Page_Login/input_password'

03-05-2026T16:37:27 - [MESSAGE][PASSED] - Text 'Test1234' is set on object 'Object Repository/Page_Login/input_password'

03-05-2026T16:37:27 - [TEST_STEP][PASSED] - click(findTestObject("Page_Login/btn_login")): Object: 'Object Repository/Page_Login/btn_login' is clicked on

03-05-2026T16:37:28 - [MESSAGE][PASSED] - Object: 'Object Repository/Page_Login/btn_login' is clicked on

03-05-2026T16:37:28 - [TEST_STEP][PASSED] - delay(1): Delayed 1 second(s)

03-05-2026T16:37:29 - [MESSAGE][PASSED] - Delayed 1 second(s)

03-05-2026T16:37:29 - [TEST_STEP][PASSED] - verifyMatch(getUrl(), ".*login.php.*", true): Actual text 'https://sqashop.infinityfree.me/login.php?i=1' and expected text '.*login.php.*' are matched  using regular expression

03-05-2026T16:37:29 - [MESSAGE][PASSED] - Current window's url is: 'https://sqashop.infinityfree.me/login.php?i=1'

03-05-2026T16:37:29 - [MESSAGE][PASSED] - Actual text 'https://sqashop.infinityfree.me/login.php?i=1' and expected text '.*login.php.*' are matched  using regular expression

03-05-2026T16:37:29 - [TEST_STEP][PASSED] - closeBrowser(): Browser is closed

03-05-2026T16:37:29 - [MESSAGE][PASSED] - Browser is closed]]></system-out>
         <system-err><![CDATA[]]></system-err>
      </testcase>
      <testcase name="Test Cases/TC_Login/TC_LOG_005_Login_Tanpa_Password" time="7.541" classname="Test Cases/TC_Login/TC_LOG_005_Login_Tanpa_Password" status="PASSED">
         <system-out><![CDATA[03-05-2026T16:37:29 - [TEST_CASE][PASSED] - Test Cases/TC_Login/TC_LOG_005_Login_Tanpa_Password: Test Cases/TC_Login/TC_LOG_005_Login_Tanpa_Password

03-05-2026T16:37:29 - [TEST_STEP][PASSED] - openBrowser(""): Browser is opened with url: ''

03-05-2026T16:37:29 - [MESSAGE][INFO] - Starting 'Chrome' driver

03-05-2026T16:37:29 - [MESSAGE][INFO] - Action delay is set to 0 milliseconds

03-05-2026T16:37:31 - [MESSAGE][PASSED] - Browser is opened with url: ''

03-05-2026T16:37:31 - [TEST_STEP][PASSED] - navigateToUrl(baseUrl + "/login.php"): Navigate to 'https://sqashop.infinityfree.me/login.php' successfully

03-05-2026T16:37:34 - [MESSAGE][PASSED] - Navigate to 'https://sqashop.infinityfree.me/login.php' successfully

03-05-2026T16:37:34 - [TEST_STEP][PASSED] - maximizeWindow(): Current window maximized

03-05-2026T16:37:34 - [MESSAGE][PASSED] - Current window maximized

03-05-2026T16:37:34 - [TEST_STEP][PASSED] - setText(findTestObject("Page_Login/input_email"), validEmail): Text 'budi@test.com' is set on object 'Object Repository/Page_Login/input_email'

03-05-2026T16:37:34 - [MESSAGE][PASSED] - Text 'budi@test.com' is set on object 'Object Repository/Page_Login/input_email'

03-05-2026T16:37:34 - [TEST_STEP][PASSED] - clearText(findTestObject("Page_Login/input_password")): Text of object 'Object Repository/Page_Login/input_password' is cleared

03-05-2026T16:37:35 - [MESSAGE][PASSED] - Text of object 'Object Repository/Page_Login/input_password' is cleared

03-05-2026T16:37:35 - [TEST_STEP][PASSED] - click(findTestObject("Page_Login/btn_login")): Object: 'Object Repository/Page_Login/btn_login' is clicked on

03-05-2026T16:37:35 - [MESSAGE][PASSED] - Object: 'Object Repository/Page_Login/btn_login' is clicked on

03-05-2026T16:37:35 - [TEST_STEP][PASSED] - delay(1): Delayed 1 second(s)

03-05-2026T16:37:36 - [MESSAGE][PASSED] - Delayed 1 second(s)

03-05-2026T16:37:36 - [TEST_STEP][PASSED] - verifyMatch(getUrl(), ".*login.php.*", true): Actual text 'https://sqashop.infinityfree.me/login.php?i=1' and expected text '.*login.php.*' are matched  using regular expression

03-05-2026T16:37:36 - [MESSAGE][PASSED] - Current window's url is: 'https://sqashop.infinityfree.me/login.php?i=1'

03-05-2026T16:37:36 - [MESSAGE][PASSED] - Actual text 'https://sqashop.infinityfree.me/login.php?i=1' and expected text '.*login.php.*' are matched  using regular expression

03-05-2026T16:37:36 - [TEST_STEP][PASSED] - closeBrowser(): Browser is closed

03-05-2026T16:37:36 - [MESSAGE][PASSED] - Browser is closed]]></system-out>
         <system-err><![CDATA[]]></system-err>
      </testcase>
      <testcase name="Test Cases/TC_Login/TC_LOG_006_Login_Tanpa_Semua_Field" time="6.477" classname="Test Cases/TC_Login/TC_LOG_006_Login_Tanpa_Semua_Field" status="PASSED">
         <system-out><![CDATA[03-05-2026T16:37:37 - [TEST_CASE][PASSED] - Test Cases/TC_Login/TC_LOG_006_Login_Tanpa_Semua_Field: Test Cases/TC_Login/TC_LOG_006_Login_Tanpa_Semua_Field

03-05-2026T16:37:37 - [TEST_STEP][PASSED] - openBrowser(""): Browser is opened with url: ''

03-05-2026T16:37:37 - [MESSAGE][INFO] - Starting 'Chrome' driver

03-05-2026T16:37:37 - [MESSAGE][INFO] - Action delay is set to 0 milliseconds

03-05-2026T16:37:38 - [MESSAGE][PASSED] - Browser is opened with url: ''

03-05-2026T16:37:38 - [TEST_STEP][PASSED] - navigateToUrl(baseUrl + "/login.php"): Navigate to 'https://sqashop.infinityfree.me/login.php' successfully

03-05-2026T16:37:41 - [MESSAGE][PASSED] - Navigate to 'https://sqashop.infinityfree.me/login.php' successfully

03-05-2026T16:37:41 - [TEST_STEP][PASSED] - maximizeWindow(): Current window maximized

03-05-2026T16:37:41 - [MESSAGE][PASSED] - Current window maximized

03-05-2026T16:37:41 - [TEST_STEP][PASSED] - clearText(findTestObject("Page_Login/input_email")): Text of object 'Object Repository/Page_Login/input_email' is cleared

03-05-2026T16:37:41 - [MESSAGE][PASSED] - Text of object 'Object Repository/Page_Login/input_email' is cleared

03-05-2026T16:37:41 - [TEST_STEP][PASSED] - clearText(findTestObject("Page_Login/input_password")): Text of object 'Object Repository/Page_Login/input_password' is cleared

03-05-2026T16:37:41 - [MESSAGE][PASSED] - Text of object 'Object Repository/Page_Login/input_password' is cleared

03-05-2026T16:37:41 - [TEST_STEP][PASSED] - click(findTestObject("Page_Login/btn_login")): Object: 'Object Repository/Page_Login/btn_login' is clicked on

03-05-2026T16:37:42 - [MESSAGE][PASSED] - Object: 'Object Repository/Page_Login/btn_login' is clicked on

03-05-2026T16:37:42 - [TEST_STEP][PASSED] - delay(1): Delayed 1 second(s)

03-05-2026T16:37:43 - [MESSAGE][PASSED] - Delayed 1 second(s)

03-05-2026T16:37:43 - [TEST_STEP][PASSED] - verifyMatch(getUrl(), ".*login.php.*", true): Actual text 'https://sqashop.infinityfree.me/login.php?i=1' and expected text '.*login.php.*' are matched  using regular expression

03-05-2026T16:37:43 - [MESSAGE][PASSED] - Current window's url is: 'https://sqashop.infinityfree.me/login.php?i=1'

03-05-2026T16:37:43 - [MESSAGE][PASSED] - Actual text 'https://sqashop.infinityfree.me/login.php?i=1' and expected text '.*login.php.*' are matched  using regular expression

03-05-2026T16:37:43 - [TEST_STEP][PASSED] - closeBrowser(): Browser is closed

03-05-2026T16:37:43 - [MESSAGE][PASSED] - Browser is closed]]></system-out>
         <system-err><![CDATA[]]></system-err>
      </testcase>
      <testcase name="Test Cases/TC_Login/TC_LOG_007_Login_Email_Invalid" time="7.917" classname="Test Cases/TC_Login/TC_LOG_007_Login_Email_Invalid" status="PASSED">
         <system-out><![CDATA[03-05-2026T16:37:43 - [TEST_CASE][PASSED] - Test Cases/TC_Login/TC_LOG_007_Login_Email_Invalid: Test Cases/TC_Login/TC_LOG_007_Login_Email_Invalid

03-05-2026T16:37:43 - [TEST_STEP][PASSED] - openBrowser(""): Browser is opened with url: ''

03-05-2026T16:37:43 - [MESSAGE][INFO] - Starting 'Chrome' driver

03-05-2026T16:37:43 - [MESSAGE][INFO] - Action delay is set to 0 milliseconds

03-05-2026T16:37:44 - [MESSAGE][PASSED] - Browser is opened with url: ''

03-05-2026T16:37:44 - [TEST_STEP][PASSED] - navigateToUrl(baseUrl + "/login.php"): Navigate to 'https://sqashop.infinityfree.me/login.php' successfully

03-05-2026T16:37:48 - [MESSAGE][PASSED] - Navigate to 'https://sqashop.infinityfree.me/login.php' successfully

03-05-2026T16:37:48 - [TEST_STEP][PASSED] - maximizeWindow(): Current window maximized

03-05-2026T16:37:48 - [MESSAGE][PASSED] - Current window maximized

03-05-2026T16:37:48 - [TEST_STEP][PASSED] - setText(findTestObject("Page_Login/input_email"), "buditest"): Text 'buditest' is set on object 'Object Repository/Page_Login/input_email'

03-05-2026T16:37:49 - [MESSAGE][PASSED] - Text 'buditest' is set on object 'Object Repository/Page_Login/input_email'

03-05-2026T16:37:49 - [TEST_STEP][PASSED] - setText(findTestObject("Page_Login/input_password"), "Test1234"): Text 'Test1234' is set on object 'Object Repository/Page_Login/input_password'

03-05-2026T16:37:49 - [MESSAGE][PASSED] - Text 'Test1234' is set on object 'Object Repository/Page_Login/input_password'

03-05-2026T16:37:49 - [TEST_STEP][PASSED] - click(findTestObject("Page_Login/btn_login")): Object: 'Object Repository/Page_Login/btn_login' is clicked on

03-05-2026T16:37:50 - [MESSAGE][PASSED] - Object: 'Object Repository/Page_Login/btn_login' is clicked on

03-05-2026T16:37:50 - [TEST_STEP][PASSED] - delay(1): Delayed 1 second(s)

03-05-2026T16:37:51 - [MESSAGE][PASSED] - Delayed 1 second(s)

03-05-2026T16:37:51 - [TEST_STEP][PASSED] - verifyMatch(getUrl(), ".*login.php.*", true): Actual text 'https://sqashop.infinityfree.me/login.php?i=1' and expected text '.*login.php.*' are matched  using regular expression

03-05-2026T16:37:51 - [MESSAGE][PASSED] - Current window's url is: 'https://sqashop.infinityfree.me/login.php?i=1'

03-05-2026T16:37:51 - [MESSAGE][PASSED] - Actual text 'https://sqashop.infinityfree.me/login.php?i=1' and expected text '.*login.php.*' are matched  using regular expression

03-05-2026T16:37:51 - [TEST_STEP][PASSED] - closeBrowser(): Browser is closed

03-05-2026T16:37:51 - [MESSAGE][PASSED] - Browser is closed]]></system-out>
         <system-err><![CDATA[]]></system-err>
      </testcase>
      <testcase name="Test Cases/TC_Login/TC_LOG_008_Login_Sudah_Login" time="14.24" classname="Test Cases/TC_Login/TC_LOG_008_Login_Sudah_Login" status="PASSED">
         <system-out><![CDATA[03-05-2026T16:37:51 - [TEST_CASE][PASSED] - Test Cases/TC_Login/TC_LOG_008_Login_Sudah_Login: Test Cases/TC_Login/TC_LOG_008_Login_Sudah_Login

03-05-2026T16:37:51 - [TEST_STEP][PASSED] - openBrowser(""): Browser is opened with url: ''

03-05-2026T16:37:51 - [MESSAGE][INFO] - Starting 'Chrome' driver

03-05-2026T16:37:51 - [MESSAGE][INFO] - Action delay is set to 0 milliseconds

03-05-2026T16:37:52 - [MESSAGE][PASSED] - Browser is opened with url: ''

03-05-2026T16:37:52 - [TEST_STEP][PASSED] - navigateToUrl(baseUrl + "/login.php"): Navigate to 'https://sqashop.infinityfree.me/login.php' successfully

03-05-2026T16:37:54 - [MESSAGE][PASSED] - Navigate to 'https://sqashop.infinityfree.me/login.php' successfully

03-05-2026T16:37:54 - [TEST_STEP][PASSED] - maximizeWindow(): Current window maximized

03-05-2026T16:37:56 - [MESSAGE][PASSED] - Current window maximized

03-05-2026T16:37:56 - [TEST_STEP][PASSED] - setText(findTestObject("Page_Login/input_email"), validEmail): Text 'budi@test.com' is set on object 'Object Repository/Page_Login/input_email'

03-05-2026T16:37:57 - [MESSAGE][PASSED] - Text 'budi@test.com' is set on object 'Object Repository/Page_Login/input_email'

03-05-2026T16:37:57 - [TEST_STEP][PASSED] - setText(findTestObject("Page_Login/input_password"), validPassword): Text 'Test1234' is set on object 'Object Repository/Page_Login/input_password'

03-05-2026T16:37:58 - [MESSAGE][PASSED] - Text 'Test1234' is set on object 'Object Repository/Page_Login/input_password'

03-05-2026T16:37:58 - [TEST_STEP][PASSED] - click(findTestObject("Page_Login/btn_login")): Object: 'Object Repository/Page_Login/btn_login' is clicked on

03-05-2026T16:38:00 - [MESSAGE][PASSED] - Object: 'Object Repository/Page_Login/btn_login' is clicked on

03-05-2026T16:38:00 - [TEST_STEP][PASSED] - delay(2): Delayed 2 second(s)

03-05-2026T16:38:02 - [MESSAGE][PASSED] - Delayed 2 second(s)

03-05-2026T16:38:02 - [TEST_STEP][PASSED] - navigateToUrl(baseUrl + "/login.php"): Navigate to 'https://sqashop.infinityfree.me/login.php' successfully

03-05-2026T16:38:03 - [MESSAGE][PASSED] - Navigate to 'https://sqashop.infinityfree.me/login.php' successfully

03-05-2026T16:38:03 - [TEST_STEP][PASSED] - delay(2): Delayed 2 second(s)

03-05-2026T16:38:05 - [MESSAGE][PASSED] - Delayed 2 second(s)

03-05-2026T16:38:05 - [TEST_STEP][PASSED] - verifyMatch(getUrl(), ".*index.php.*", true): Actual text 'https://sqashop.infinityfree.me/index.php' and expected text '.*index.php.*' are matched  using regular expression

03-05-2026T16:38:05 - [MESSAGE][PASSED] - Current window's url is: 'https://sqashop.infinityfree.me/index.php'

03-05-2026T16:38:05 - [MESSAGE][PASSED] - Actual text 'https://sqashop.infinityfree.me/index.php' and expected text '.*index.php.*' are matched  using regular expression

03-05-2026T16:38:05 - [TEST_STEP][PASSED] - closeBrowser(): Browser is closed

03-05-2026T16:38:05 - [MESSAGE][PASSED] - Browser is closed]]></system-out>
         <system-err><![CDATA[]]></system-err>
      </testcase>
      <system-out><![CDATA[03-05-2026T16:36:46 - [TEST_SUITE][PASSED] - TS_Login: null]]></system-out>
      <system-err><![CDATA[]]></system-err>
   </testsuite>
   <testsuite name="TS_Keranjang" tests="5" failures="0" errors="0" time="81.682" skipped="0" timestamp="2026-05-03T09:38:10.690Z" hostname="Fahmi-PC - LAPTOP-5S4VVRHI" id="Test Suites/TS_Keranjang">
      <properties>
         <property name="deviceName" value=""/>
         <property name="devicePlatform"/>
         <property name="logFolder" value="C:\\laragon\\www\\sqa_shop\\Katalon_SQA_Shop\\Reports\\20260503_163352\\TS_Keranjang\\20260503_163358"/>
         <property name="logFiles" value="C:\\laragon\\www\\sqa_shop\\Katalon_SQA_Shop\\Reports\\20260503_163352\\TS_Keranjang\\20260503_163358\\console0.log, C:\\laragon\\www\\sqa_shop\\Katalon_SQA_Shop\\Reports\\20260503_163352\\TS_Keranjang\\20260503_163358\\execution0.log"/>
         <property name="attachments" value=""/>
         <property name="executionBindingVariables" value="[]"/>
         <property name="hostName" value="Fahmi-PC - LAPTOP-5S4VVRHI"/>
         <property name="os" value="Windows 11 64bit"/>
         <property name="katalonVersion" value="11.1.1.0"/>
         <property name="browser" value="Chrome 147.0.7727.138"/>
         <property name="userFullName" value="fahmi ardiansyah"/>
         <property name="hostAddress" value="192.168.56.1"/>
         <property name="sessionId" value="b207683d416a96fb36841ef1fb090ec1"/>
         <property name="projectName" value="Katalon_SQA_Shop"/>
         <property name="seleniumVersion" value="4.39.0"/>
         <property name="proxyInformation" value="ProxyInformation { proxyOption=NO_PROXY, proxyServerType=HTTP, username=, password=********, proxyServerAddress=, proxyServerPort=0, executionList=&quot;&quot;, isApplyToDesiredCapabilities=true }"/>
         <property name="platform" value="Windows 11"/>
      </properties>
      <testcase name="Test Cases/TC_Keranjang/TC_CRT_001_Tambah_Produk" time="19.134" classname="Test Cases/TC_Keranjang/TC_CRT_001_Tambah_Produk" status="PASSED">
         <system-out><![CDATA[03-05-2026T16:38:10 - [TEST_CASE][PASSED] - Test Cases/TC_Keranjang/TC_CRT_001_Tambah_Produk: Test Cases/TC_Keranjang/TC_CRT_001_Tambah_Produk

03-05-2026T16:38:11 - [TEST_STEP][PASSED] - openBrowser(""): Browser is opened with url: ''

03-05-2026T16:38:11 - [MESSAGE][INFO] - Starting 'Chrome' driver

03-05-2026T16:38:11 - [MESSAGE][INFO] - Action delay is set to 0 milliseconds

03-05-2026T16:38:14 - [MESSAGE][PASSED] - Browser is opened with url: ''

03-05-2026T16:38:14 - [TEST_STEP][PASSED] - navigateToUrl(baseUrl + "/login.php"): Navigate to 'https://sqashop.infinityfree.me/login.php' successfully

03-05-2026T16:38:18 - [MESSAGE][PASSED] - Navigate to 'https://sqashop.infinityfree.me/login.php' successfully

03-05-2026T16:38:18 - [TEST_STEP][PASSED] - maximizeWindow(): Current window maximized

03-05-2026T16:38:18 - [MESSAGE][PASSED] - Current window maximized

03-05-2026T16:38:18 - [TEST_STEP][PASSED] - setText(findTestObject("Page_Login/input_email"), validEmail): Text 'budi@test.com' is set on object 'Object Repository/Page_Login/input_email'

03-05-2026T16:38:19 - [MESSAGE][PASSED] - Text 'budi@test.com' is set on object 'Object Repository/Page_Login/input_email'

03-05-2026T16:38:19 - [TEST_STEP][PASSED] - setText(findTestObject("Page_Login/input_password"), validPassword): Text 'Test1234' is set on object 'Object Repository/Page_Login/input_password'

03-05-2026T16:38:19 - [MESSAGE][PASSED] - Text 'Test1234' is set on object 'Object Repository/Page_Login/input_password'

03-05-2026T16:38:19 - [TEST_STEP][PASSED] - click(findTestObject("Page_Login/btn_login")): Object: 'Object Repository/Page_Login/btn_login' is clicked on

03-05-2026T16:38:22 - [MESSAGE][PASSED] - Object: 'Object Repository/Page_Login/btn_login' is clicked on

03-05-2026T16:38:22 - [TEST_STEP][PASSED] - delay(2): Delayed 2 second(s)

03-05-2026T16:38:24 - [MESSAGE][PASSED] - Delayed 2 second(s)

03-05-2026T16:38:24 - [TEST_STEP][PASSED] - executeJavaScript("localStorage.removeItem('sqa_cart')", null): Execute JavaScript 'localStorage.removeItem('sqa_cart')' successfully

03-05-2026T16:38:24 - [MESSAGE][PASSED] - Execute JavaScript 'localStorage.removeItem('sqa_cart')' successfully

03-05-2026T16:38:24 - [TEST_STEP][PASSED] - navigateToUrl(baseUrl + "/index.php"): Navigate to 'https://sqashop.infinityfree.me/index.php' successfully

03-05-2026T16:38:24 - [MESSAGE][PASSED] - Navigate to 'https://sqashop.infinityfree.me/index.php' successfully

03-05-2026T16:38:24 - [TEST_STEP][PASSED] - delay(2): Delayed 2 second(s)

03-05-2026T16:38:26 - [MESSAGE][PASSED] - Delayed 2 second(s)

03-05-2026T16:38:26 - [TEST_STEP][PASSED] - click(findTestObject("Page_Beranda/btn_add_cart_1")): Object: 'Object Repository/Page_Beranda/btn_add_cart_1' is clicked on

03-05-2026T16:38:27 - [MESSAGE][PASSED] - Object: 'Object Repository/Page_Beranda/btn_add_cart_1' is clicked on

03-05-2026T16:38:27 - [TEST_STEP][PASSED] - delay(2): Delayed 2 second(s)

03-05-2026T16:38:29 - [MESSAGE][PASSED] - Delayed 2 second(s)

03-05-2026T16:38:29 - [TEST_STEP][PASSED] - verifyElementPresent(findTestObject("Page_Beranda/toast_success"), timeout): Object 'Object Repository/Page_Beranda/toast_success' is present

03-05-2026T16:38:29 - [MESSAGE][PASSED] - Object 'Object Repository/Page_Beranda/toast_success' is present

03-05-2026T16:38:29 - [TEST_STEP][PASSED] - verifyElementVisible(findTestObject("Page_Beranda/cart_badge")): Object 'Object Repository/Page_Beranda/cart_badge' is visible

03-05-2026T16:38:29 - [MESSAGE][PASSED] - Object 'Object Repository/Page_Beranda/cart_badge' is visible

03-05-2026T16:38:29 - [TEST_STEP][PASSED] - closeBrowser(): Browser is closed

03-05-2026T16:38:30 - [MESSAGE][PASSED] - Browser is closed]]></system-out>
         <system-err><![CDATA[]]></system-err>
      </testcase>
      <testcase name="Test Cases/TC_Keranjang/TC_CRT_002_Tambah_Produk_Sama" time="15.77" classname="Test Cases/TC_Keranjang/TC_CRT_002_Tambah_Produk_Sama" status="PASSED">
         <system-out><![CDATA[03-05-2026T16:38:30 - [TEST_CASE][PASSED] - Test Cases/TC_Keranjang/TC_CRT_002_Tambah_Produk_Sama: Test Cases/TC_Keranjang/TC_CRT_002_Tambah_Produk_Sama

03-05-2026T16:38:30 - [TEST_STEP][PASSED] - openBrowser(""): Browser is opened with url: ''

03-05-2026T16:38:30 - [MESSAGE][INFO] - Starting 'Chrome' driver

03-05-2026T16:38:30 - [MESSAGE][INFO] - Action delay is set to 0 milliseconds

03-05-2026T16:38:31 - [MESSAGE][PASSED] - Browser is opened with url: ''

03-05-2026T16:38:31 - [TEST_STEP][PASSED] - navigateToUrl(baseUrl + "/login.php"): Navigate to 'https://sqashop.infinityfree.me/login.php' successfully

03-05-2026T16:38:34 - [MESSAGE][PASSED] - Navigate to 'https://sqashop.infinityfree.me/login.php' successfully

03-05-2026T16:38:34 - [TEST_STEP][PASSED] - maximizeWindow(): Current window maximized

03-05-2026T16:38:34 - [MESSAGE][PASSED] - Current window maximized

03-05-2026T16:38:34 - [TEST_STEP][PASSED] - setText(findTestObject("Page_Login/input_email"), validEmail): Text 'budi@test.com' is set on object 'Object Repository/Page_Login/input_email'

03-05-2026T16:38:35 - [MESSAGE][PASSED] - Text 'budi@test.com' is set on object 'Object Repository/Page_Login/input_email'

03-05-2026T16:38:35 - [TEST_STEP][PASSED] - setText(findTestObject("Page_Login/input_password"), validPassword): Text 'Test1234' is set on object 'Object Repository/Page_Login/input_password'

03-05-2026T16:38:36 - [MESSAGE][PASSED] - Text 'Test1234' is set on object 'Object Repository/Page_Login/input_password'

03-05-2026T16:38:36 - [TEST_STEP][PASSED] - click(findTestObject("Page_Login/btn_login")): Object: 'Object Repository/Page_Login/btn_login' is clicked on

03-05-2026T16:38:38 - [MESSAGE][PASSED] - Object: 'Object Repository/Page_Login/btn_login' is clicked on

03-05-2026T16:38:38 - [TEST_STEP][PASSED] - delay(2): Delayed 2 second(s)

03-05-2026T16:38:40 - [MESSAGE][PASSED] - Delayed 2 second(s)

03-05-2026T16:38:40 - [TEST_STEP][PASSED] - executeJavaScript("localStorage.removeItem('sqa_cart')", null): Execute JavaScript 'localStorage.removeItem('sqa_cart')' successfully

03-05-2026T16:38:40 - [MESSAGE][PASSED] - Execute JavaScript 'localStorage.removeItem('sqa_cart')' successfully

03-05-2026T16:38:40 - [TEST_STEP][PASSED] - navigateToUrl(baseUrl + "/index.php"): Navigate to 'https://sqashop.infinityfree.me/index.php' successfully

03-05-2026T16:38:40 - [MESSAGE][PASSED] - Navigate to 'https://sqashop.infinityfree.me/index.php' successfully

03-05-2026T16:38:40 - [TEST_STEP][PASSED] - delay(2): Delayed 2 second(s)

03-05-2026T16:38:42 - [MESSAGE][PASSED] - Delayed 2 second(s)

03-05-2026T16:38:42 - [TEST_STEP][PASSED] - click(findTestObject("Page_Beranda/btn_add_cart_2")): Object: 'Object Repository/Page_Beranda/btn_add_cart_2' is clicked on

03-05-2026T16:38:42 - [MESSAGE][PASSED] - Object: 'Object Repository/Page_Beranda/btn_add_cart_2' is clicked on

03-05-2026T16:38:42 - [TEST_STEP][PASSED] - delay(1): Delayed 1 second(s)

03-05-2026T16:38:43 - [MESSAGE][PASSED] - Delayed 1 second(s)

03-05-2026T16:38:43 - [TEST_STEP][PASSED] - click(findTestObject("Page_Beranda/btn_add_cart_2")): Object: 'Object Repository/Page_Beranda/btn_add_cart_2' is clicked on

03-05-2026T16:38:44 - [MESSAGE][PASSED] - Object: 'Object Repository/Page_Beranda/btn_add_cart_2' is clicked on

03-05-2026T16:38:44 - [TEST_STEP][PASSED] - delay(1): Delayed 1 second(s)

03-05-2026T16:38:45 - [MESSAGE][PASSED] - Delayed 1 second(s)

03-05-2026T16:38:45 - [TEST_STEP][PASSED] - badgeText = getText(findTestObject("Page_Beranda/cart_badge")): Text of object 'Object Repository/Page_Beranda/cart_badge' is: '2'

03-05-2026T16:38:45 - [MESSAGE][PASSED] - Text of object 'Object Repository/Page_Beranda/cart_badge' is: '2'

03-05-2026T16:38:45 - [TEST_STEP][PASSED] - verifyEqual(badgeText, "2"): Actual object '2' and expected object '2' are equal

03-05-2026T16:38:45 - [MESSAGE][PASSED] - Actual object '2' and expected object '2' are equal

03-05-2026T16:38:45 - [TEST_STEP][PASSED] - closeBrowser(): Browser is closed

03-05-2026T16:38:45 - [MESSAGE][PASSED] - Browser is closed]]></system-out>
         <system-err><![CDATA[]]></system-err>
      </testcase>
      <testcase name="Test Cases/TC_Keranjang/TC_CRT_003_Hapus_Produk" time="21.518" classname="Test Cases/TC_Keranjang/TC_CRT_003_Hapus_Produk" status="PASSED">
         <system-out><![CDATA[03-05-2026T16:38:45 - [TEST_CASE][PASSED] - Test Cases/TC_Keranjang/TC_CRT_003_Hapus_Produk: Test Cases/TC_Keranjang/TC_CRT_003_Hapus_Produk

03-05-2026T16:38:45 - [TEST_STEP][PASSED] - openBrowser(""): Browser is opened with url: ''

03-05-2026T16:38:45 - [MESSAGE][INFO] - Starting 'Chrome' driver

03-05-2026T16:38:45 - [MESSAGE][INFO] - Action delay is set to 0 milliseconds

03-05-2026T16:38:47 - [MESSAGE][PASSED] - Browser is opened with url: ''

03-05-2026T16:38:47 - [TEST_STEP][PASSED] - navigateToUrl(baseUrl + "/login.php"): Navigate to 'https://sqashop.infinityfree.me/login.php' successfully

03-05-2026T16:38:53 - [MESSAGE][PASSED] - Navigate to 'https://sqashop.infinityfree.me/login.php' successfully

03-05-2026T16:38:53 - [TEST_STEP][PASSED] - maximizeWindow(): Current window maximized

03-05-2026T16:38:53 - [MESSAGE][PASSED] - Current window maximized

03-05-2026T16:38:53 - [TEST_STEP][PASSED] - setText(findTestObject("Page_Login/input_email"), validEmail): Text 'budi@test.com' is set on object 'Object Repository/Page_Login/input_email'

03-05-2026T16:38:54 - [MESSAGE][PASSED] - Text 'budi@test.com' is set on object 'Object Repository/Page_Login/input_email'

03-05-2026T16:38:54 - [TEST_STEP][PASSED] - setText(findTestObject("Page_Login/input_password"), validPassword): Text 'Test1234' is set on object 'Object Repository/Page_Login/input_password'

03-05-2026T16:38:55 - [MESSAGE][PASSED] - Text 'Test1234' is set on object 'Object Repository/Page_Login/input_password'

03-05-2026T16:38:55 - [TEST_STEP][PASSED] - click(findTestObject("Page_Login/btn_login")): Object: 'Object Repository/Page_Login/btn_login' is clicked on

03-05-2026T16:38:57 - [MESSAGE][PASSED] - Object: 'Object Repository/Page_Login/btn_login' is clicked on

03-05-2026T16:38:57 - [TEST_STEP][PASSED] - delay(2): Delayed 2 second(s)

03-05-2026T16:38:59 - [MESSAGE][PASSED] - Delayed 2 second(s)

03-05-2026T16:38:59 - [TEST_STEP][PASSED] - executeJavaScript("localStorage.removeItem('sqa_cart')", null): Execute JavaScript 'localStorage.removeItem('sqa_cart')' successfully

03-05-2026T16:38:59 - [MESSAGE][PASSED] - Execute JavaScript 'localStorage.removeItem('sqa_cart')' successfully

[...]
         <system-out><![CDATA[03-05-2026T16:43:31 - [TEST_CASE][PASSED] - Test Cases/TC_Riwayat_Logout/TC_RIW_002_Riwayat_Kosong: Test Cases/TC_Riwayat_Logout/TC_RIW_002_Riwayat_Kosong

03-05-2026T16:43:31 - [TEST_STEP][PASSED] - newEmail = "newuser_" + System.currentTimeMillis() + "@test.com": null

03-05-2026T16:43:31 - [TEST_STEP][PASSED] - openBrowser(""): Browser is opened with url: ''

03-05-2026T16:43:31 - [MESSAGE][INFO] - Starting 'Chrome' driver

03-05-2026T16:43:31 - [MESSAGE][INFO] - Action delay is set to 0 milliseconds

03-05-2026T16:43:32 - [MESSAGE][PASSED] - Browser is opened with url: ''

03-05-2026T16:43:32 - [TEST_STEP][PASSED] - navigateToUrl(baseUrl + "/register.php"): Navigate to 'https://sqashop.infinityfree.me/register.php' successfully

03-05-2026T16:43:35 - [MESSAGE][PASSED] - Navigate to 'https://sqashop.infinityfree.me/register.php' successfully

03-05-2026T16:43:35 - [TEST_STEP][PASSED] - maximizeWindow(): Current window maximized

03-05-2026T16:43:35 - [MESSAGE][PASSED] - Current window maximized

03-05-2026T16:43:35 - [TEST_STEP][PASSED] - setText(findTestObject("Page_Register/input_nama_lengkap"), "User Baru"): Text 'User Baru' is set on object 'Object Repository/Page_Register/input_nama_lengkap'

03-05-2026T16:43:36 - [MESSAGE][PASSED] - Text 'User Baru' is set on object 'Object Repository/Page_Register/input_nama_lengkap'

03-05-2026T16:43:36 - [TEST_STEP][PASSED] - setText(findTestObject("Page_Register/input_email"), newEmail): Text 'newuser_1777801411333@test.com' is set on object 'Object Repository/Page_Register/input_email'

03-05-2026T16:43:37 - [MESSAGE][PASSED] - Text 'newuser_1777801411333@test.com' is set on object 'Object Repository/Page_Register/input_email'

03-05-2026T16:43:37 - [TEST_STEP][PASSED] - setText(findTestObject("Page_Register/input_password"), "Test1234"): Text 'Test1234' is set on object 'Object Repository/Page_Register/input_password'

03-05-2026T16:43:38 - [MESSAGE][PASSED] - Text 'Test1234' is set on object 'Object Repository/Page_Register/input_password'

03-05-2026T16:43:38 - [TEST_STEP][PASSED] - setText(findTestObject("Page_Register/input_konfirmasi_password"), "Test1234"): Text 'Test1234' is set on object 'Object Repository/Page_Register/input_konfirmasi_password'

03-05-2026T16:43:38 - [MESSAGE][PASSED] - Text 'Test1234' is set on object 'Object Repository/Page_Register/input_konfirmasi_password'

03-05-2026T16:43:38 - [TEST_STEP][PASSED] - click(findTestObject("Page_Register/btn_register")): Object: 'Object Repository/Page_Register/btn_register' is clicked on

03-05-2026T16:43:39 - [MESSAGE][PASSED] - Object: 'Object Repository/Page_Register/btn_register' is clicked on

03-05-2026T16:43:39 - [TEST_STEP][PASSED] - delay(2): Delayed 2 second(s)

03-05-2026T16:43:41 - [MESSAGE][PASSED] - Delayed 2 second(s)

03-05-2026T16:43:41 - [TEST_STEP][PASSED] - setText(findTestObject("Page_Login/input_email"), newEmail): Text 'newuser_1777801411333@test.com' is set on object 'Object Repository/Page_Login/input_email'

03-05-2026T16:43:42 - [MESSAGE][PASSED] - Text 'newuser_1777801411333@test.com' is set on object 'Object Repository/Page_Login/input_email'

03-05-2026T16:43:42 - [TEST_STEP][PASSED] - setText(findTestObject("Page_Login/input_password"), "Test1234"): Text 'Test1234' is set on object 'Object Repository/Page_Login/input_password'

03-05-2026T16:43:43 - [MESSAGE][PASSED] - Text 'Test1234' is set on object 'Object Repository/Page_Login/input_password'

03-05-2026T16:43:43 - [TEST_STEP][PASSED] - click(findTestObject("Page_Login/btn_login")): Object: 'Object Repository/Page_Login/btn_login' is clicked on

03-05-2026T16:43:46 - [MESSAGE][PASSED] - Object: 'Object Repository/Page_Login/btn_login' is clicked on

03-05-2026T16:43:46 - [TEST_STEP][PASSED] - delay(2): Delayed 2 second(s)

03-05-2026T16:43:48 - [MESSAGE][PASSED] - Delayed 2 second(s)

03-05-2026T16:43:48 - [TEST_STEP][PASSED] - navigateToUrl(baseUrl + "/riwayat.php"): Navigate to 'https://sqashop.infinityfree.me/riwayat.php' successfully

03-05-2026T16:43:48 - [MESSAGE][PASSED] - Navigate to 'https://sqashop.infinityfree.me/riwayat.php' successfully

03-05-2026T16:43:48 - [TEST_STEP][PASSED] - delay(2): Delayed 2 second(s)

03-05-2026T16:43:50 - [MESSAGE][PASSED] - Delayed 2 second(s)

03-05-2026T16:43:50 - [TEST_STEP][PASSED] - emptyMessage = new com.kms.katalon.core.testobject.TestObject(empty_message): null

03-05-2026T16:43:50 - [TEST_STEP][PASSED] - emptyMessage.addProperty("xpath", EQUALS, "//p[contains(.,'Belum ada pesanan')]"): null

03-05-2026T16:43:50 - [TEST_STEP][PASSED] - verifyElementPresent(emptyMessage, timeout): Object 'empty_message' is present

03-05-2026T16:43:50 - [MESSAGE][PASSED] - Object 'empty_message' is present

03-05-2026T16:43:50 - [TEST_STEP][PASSED] - closeBrowser(): Browser is closed

03-05-2026T16:43:50 - [MESSAGE][PASSED] - Browser is closed]]></system-out>
         <system-err><![CDATA[]]></system-err>
      </testcase>
      <testcase name="Test Cases/TC_Riwayat_Logout/TC_RIW_003_Riwayat_Tanpa_Login" time="6.986" classname="Test Cases/TC_Riwayat_Logout/TC_RIW_003_Riwayat_Tanpa_Login" status="PASSED">
         <system-out><![CDATA[03-05-2026T16:43:50 - [TEST_CASE][PASSED] - Test Cases/TC_Riwayat_Logout/TC_RIW_003_Riwayat_Tanpa_Login: Test Cases/TC_Riwayat_Logout/TC_RIW_003_Riwayat_Tanpa_Login

03-05-2026T16:43:51 - [TEST_STEP][PASSED] - openBrowser(""): Browser is opened with url: ''

03-05-2026T16:43:51 - [MESSAGE][INFO] - Starting 'Chrome' driver

03-05-2026T16:43:51 - [MESSAGE][INFO] - Action delay is set to 0 milliseconds

03-05-2026T16:43:52 - [MESSAGE][PASSED] - Browser is opened with url: ''

03-05-2026T16:43:52 - [TEST_STEP][PASSED] - navigateToUrl(baseUrl + "/riwayat.php"): Navigate to 'https://sqashop.infinityfree.me/riwayat.php' successfully

03-05-2026T16:43:55 - [MESSAGE][PASSED] - Navigate to 'https://sqashop.infinityfree.me/riwayat.php' successfully

03-05-2026T16:43:55 - [TEST_STEP][PASSED] - maximizeWindow(): Current window maximized

03-05-2026T16:43:55 - [MESSAGE][PASSED] - Current window maximized

03-05-2026T16:43:55 - [TEST_STEP][PASSED] - delay(2): Delayed 2 second(s)

03-05-2026T16:43:57 - [MESSAGE][PASSED] - Delayed 2 second(s)

03-05-2026T16:43:57 - [TEST_STEP][PASSED] - verifyMatch(getUrl(), ".*login.php.*", true): Actual text 'https://sqashop.infinityfree.me/login.php' and expected text '.*login.php.*' are matched  using regular expression

03-05-2026T16:43:57 - [MESSAGE][PASSED] - Current window's url is: 'https://sqashop.infinityfree.me/login.php'

03-05-2026T16:43:57 - [MESSAGE][PASSED] - Actual text 'https://sqashop.infinityfree.me/login.php' and expected text '.*login.php.*' are matched  using regular expression

03-05-2026T16:43:57 - [TEST_STEP][PASSED] - closeBrowser(): Browser is closed

03-05-2026T16:43:57 - [MESSAGE][PASSED] - Browser is closed]]></system-out>
         <system-err><![CDATA[]]></system-err>
      </testcase>
      <testcase name="Test Cases/TC_Riwayat_Logout/TC_RIW_004_Verifikasi_Status" time="12.653" classname="Test Cases/TC_Riwayat_Logout/TC_RIW_004_Verifikasi_Status" status="PASSED">
         <system-out><![CDATA[03-05-2026T16:43:57 - [TEST_CASE][PASSED] - Test Cases/TC_Riwayat_Logout/TC_RIW_004_Verifikasi_Status: Test Cases/TC_Riwayat_Logout/TC_RIW_004_Verifikasi_Status

03-05-2026T16:43:58 - [TEST_STEP][PASSED] - openBrowser(""): Browser is opened with url: ''

03-05-2026T16:43:58 - [MESSAGE][INFO] - Starting 'Chrome' driver

03-05-2026T16:43:58 - [MESSAGE][INFO] - Action delay is set to 0 milliseconds

03-05-2026T16:43:59 - [MESSAGE][PASSED] - Browser is opened with url: ''

03-05-2026T16:43:59 - [TEST_STEP][PASSED] - navigateToUrl(baseUrl + "/login.php"): Navigate to 'https://sqashop.infinityfree.me/login.php' successfully

03-05-2026T16:44:02 - [MESSAGE][PASSED] - Navigate to 'https://sqashop.infinityfree.me/login.php' successfully

03-05-2026T16:44:02 - [TEST_STEP][PASSED] - maximizeWindow(): Current window maximized

03-05-2026T16:44:02 - [MESSAGE][PASSED] - Current window maximized

03-05-2026T16:44:02 - [TEST_STEP][PASSED] - setText(findTestObject("Page_Login/input_email"), validEmail): Text 'budi@test.com' is set on object 'Object Repository/Page_Login/input_email'

03-05-2026T16:44:02 - [MESSAGE][PASSED] - Text 'budi@test.com' is set on object 'Object Repository/Page_Login/input_email'

03-05-2026T16:44:02 - [TEST_STEP][PASSED] - setText(findTestObject("Page_Login/input_password"), validPassword): Text 'Test1234' is set on object 'Object Repository/Page_Login/input_password'

03-05-2026T16:44:03 - [MESSAGE][PASSED] - Text 'Test1234' is set on object 'Object Repository/Page_Login/input_password'

03-05-2026T16:44:03 - [TEST_STEP][PASSED] - click(findTestObject("Page_Login/btn_login")): Object: 'Object Repository/Page_Login/btn_login' is clicked on

03-05-2026T16:44:05 - [MESSAGE][PASSED] - Object: 'Object Repository/Page_Login/btn_login' is clicked on

03-05-2026T16:44:05 - [TEST_STEP][PASSED] - delay(2): Delayed 2 second(s)

03-05-2026T16:44:07 - [MESSAGE][PASSED] - Delayed 2 second(s)

03-05-2026T16:44:07 - [TEST_STEP][PASSED] - navigateToUrl(baseUrl + "/riwayat.php"): Navigate to 'https://sqashop.infinityfree.me/riwayat.php' successfully

03-05-2026T16:44:08 - [MESSAGE][PASSED] - Navigate to 'https://sqashop.infinityfree.me/riwayat.php' successfully

03-05-2026T16:44:08 - [TEST_STEP][PASSED] - delay(2): Delayed 2 second(s)

03-05-2026T16:44:10 - [MESSAGE][PASSED] - Delayed 2 second(s)

03-05-2026T16:44:10 - [TEST_STEP][PASSED] - badgePending = new com.kms.katalon.core.testobject.TestObject(badge_pending): null

03-05-2026T16:44:10 - [TEST_STEP][PASSED] - badgePending.addProperty("xpath", EQUALS, "//span[contains(@class,'badge-warning') and contains(.,'Pending')]"): null

03-05-2026T16:44:10 - [TEST_STEP][PASSED] - verifyElementPresent(badgePending, timeout): Object 'badge_pending' is present

03-05-2026T16:44:10 - [MESSAGE][PASSED] - Object 'badge_pending' is present

03-05-2026T16:44:10 - [TEST_STEP][PASSED] - closeBrowser(): Browser is closed

03-05-2026T16:44:10 - [MESSAGE][PASSED] - Browser is closed]]></system-out>
         <system-err><![CDATA[]]></system-err>
      </testcase>
      <testcase name="Test Cases/TC_Riwayat_Logout/TC_LOG_OUT_001_Logout" time="17.086" classname="Test Cases/TC_Riwayat_Logout/TC_LOG_OUT_001_Logout" status="PASSED">
         <system-out><![CDATA[03-05-2026T16:44:10 - [TEST_CASE][PASSED] - Test Cases/TC_Riwayat_Logout/TC_LOG_OUT_001_Logout: Test Cases/TC_Riwayat_Logout/TC_LOG_OUT_001_Logout

03-05-2026T16:44:10 - [TEST_STEP][PASSED] - openBrowser(""): Browser is opened with url: ''

03-05-2026T16:44:10 - [MESSAGE][INFO] - Starting 'Chrome' driver

03-05-2026T16:44:10 - [MESSAGE][INFO] - Action delay is set to 0 milliseconds

03-05-2026T16:44:12 - [MESSAGE][PASSED] - Browser is opened with url: ''

03-05-2026T16:44:12 - [TEST_STEP][PASSED] - navigateToUrl(baseUrl + "/login.php"): Navigate to 'https://sqashop.infinityfree.me/login.php' successfully

03-05-2026T16:44:14 - [MESSAGE][PASSED] - Navigate to 'https://sqashop.infinityfree.me/login.php' successfully

03-05-2026T16:44:14 - [TEST_STEP][PASSED] - maximizeWindow(): Current window maximized

03-05-2026T16:44:14 - [MESSAGE][PASSED] - Current window maximized

03-05-2026T16:44:14 - [TEST_STEP][PASSED] - setText(findTestObject("Page_Login/input_email"), validEmail): Text 'budi@test.com' is set on object 'Object Repository/Page_Login/input_email'

03-05-2026T16:44:15 - [MESSAGE][PASSED] - Text 'budi@test.com' is set on object 'Object Repository/Page_Login/input_email'

03-05-2026T16:44:15 - [TEST_STEP][PASSED] - setText(findTestObject("Page_Login/input_password"), validPassword): Text 'Test1234' is set on object 'Object Repository/Page_Login/input_password'

03-05-2026T16:44:16 - [MESSAGE][PASSED] - Text 'Test1234' is set on object 'Object Repository/Page_Login/input_password'

03-05-2026T16:44:16 - [TEST_STEP][PASSED] - click(findTestObject("Page_Login/btn_login")): Object: 'Object Repository/Page_Login/btn_login' is clicked on

03-05-2026T16:44:19 - [MESSAGE][PASSED] - Object: 'Object Repository/Page_Login/btn_login' is clicked on

03-05-2026T16:44:19 - [TEST_STEP][PASSED] - delay(2): Delayed 2 second(s)

03-05-2026T16:44:21 - [MESSAGE][PASSED] - Delayed 2 second(s)

03-05-2026T16:44:21 - [TEST_STEP][PASSED] - verifyElementPresent(findTestObject("Page_Navbar/link_logout"), timeout): Object 'Object Repository/Page_Navbar/link_logout' is present

03-05-2026T16:44:21 - [MESSAGE][PASSED] - Object 'Object Repository/Page_Navbar/link_logout' is present

03-05-2026T16:44:21 - [TEST_STEP][PASSED] - click(findTestObject("Page_Navbar/link_logout")): Object: 'Object Repository/Page_Navbar/link_logout' is clicked on

03-05-2026T16:44:22 - [MESSAGE][PASSED] - Object: 'Object Repository/Page_Navbar/link_logout' is clicked on

03-05-2026T16:44:22 - [TEST_STEP][PASSED] - delay(2): Delayed 2 second(s)

03-05-2026T16:44:24 - [MESSAGE][PASSED] - Delayed 2 second(s)

03-05-2026T16:44:24 - [TEST_STEP][PASSED] - verifyMatch(getUrl(), ".*index.php.*", true): Actual text 'https://sqashop.infinityfree.me/index.php' and expected text '.*index.php.*' are matched  using regular expression

03-05-2026T16:44:24 - [MESSAGE][PASSED] - Current window's url is: 'https://sqashop.infinityfree.me/index.php'

03-05-2026T16:44:24 - [MESSAGE][PASSED] - Actual text 'https://sqashop.infinityfree.me/index.php' and expected text '.*index.php.*' are matched  using regular expression

03-05-2026T16:44:24 - [TEST_STEP][PASSED] - navigateToUrl(baseUrl + "/checkout.php"): Navigate to 'https://sqashop.infinityfree.me/checkout.php' successfully

03-05-2026T16:44:25 - [MESSAGE][PASSED] - Navigate to 'https://sqashop.infinityfree.me/checkout.php' successfully

03-05-2026T16:44:25 - [TEST_STEP][PASSED] - delay(2): Delayed 2 second(s)

03-05-2026T16:44:27 - [MESSAGE][PASSED] - Delayed 2 second(s)

03-05-2026T16:44:27 - [TEST_STEP][PASSED] - verifyMatch(getUrl(), ".*login.php.*", true): Actual text 'https://sqashop.infinityfree.me/login.php' and expected text '.*login.php.*' are matched  using regular expression

03-05-2026T16:44:27 - [MESSAGE][PASSED] - Current window's url is: 'https://sqashop.infinityfree.me/login.php'

03-05-2026T16:44:27 - [MESSAGE][PASSED] - Actual text 'https://sqashop.infinityfree.me/login.php' and expected text '.*login.php.*' are matched  using regular expression

03-05-2026T16:44:27 - [TEST_STEP][PASSED] - closeBrowser(): Browser is closed

03-05-2026T16:44:27 - [MESSAGE][PASSED] - Browser is closed]]></system-out>
         <system-err><![CDATA[]]></system-err>
      </testcase>
      <testcase name="Test Cases/TC_Riwayat_Logout/TC_LOG_OUT_002_Akses_Protected" time="18.892" classname="Test Cases/TC_Riwayat_Logout/TC_LOG_OUT_002_Akses_Protected" status="PASSED">
         <system-out><![CDATA[03-05-2026T16:44:27 - [TEST_CASE][PASSED] - Test Cases/TC_Riwayat_Logout/TC_LOG_OUT_002_Akses_Protected: Test Cases/TC_Riwayat_Logout/TC_LOG_OUT_002_Akses_Protected

03-05-2026T16:44:27 - [TEST_STEP][PASSED] - openBrowser(""): Browser is opened with url: ''

03-05-2026T16:44:27 - [MESSAGE][INFO] - Starting 'Chrome' driver

03-05-2026T16:44:27 - [MESSAGE][INFO] - Action delay is set to 0 milliseconds

03-05-2026T16:44:29 - [MESSAGE][PASSED] - Browser is opened with url: ''

03-05-2026T16:44:29 - [TEST_STEP][PASSED] - navigateToUrl(baseUrl + "/login.php"): Navigate to 'https://sqashop.infinityfree.me/login.php' successfully

03-05-2026T16:44:32 - [MESSAGE][PASSED] - Navigate to 'https://sqashop.infinityfree.me/login.php' successfully

03-05-2026T16:44:32 - [TEST_STEP][PASSED] - maximizeWindow(): Current window maximized

03-05-2026T16:44:32 - [MESSAGE][PASSED] - Current window maximized

03-05-2026T16:44:32 - [TEST_STEP][PASSED] - setText(findTestObject("Page_Login/input_email"), validEmail): Text 'budi@test.com' is set on object 'Object Repository/Page_Login/input_email'

03-05-2026T16:44:33 - [MESSAGE][PASSED] - Text 'budi@test.com' is set on object 'Object Repository/Page_Login/input_email'

03-05-2026T16:44:33 - [TEST_STEP][PASSED] - setText(findTestObject("Page_Login/input_password"), validPassword): Text 'Test1234' is set on object 'Object Repository/Page_Login/input_password'

03-05-2026T16:44:34 - [MESSAGE][PASSED] - Text 'Test1234' is set on object 'Object Repository/Page_Login/input_password'

03-05-2026T16:44:34 - [TEST_STEP][PASSED] - click(findTestObject("Page_Login/btn_login")): Object: 'Object Repository/Page_Login/btn_login' is clicked on

03-05-2026T16:44:35 - [MESSAGE][PASSED] - Object: 'Object Repository/Page_Login/btn_login' is clicked on

03-05-2026T16:44:35 - [TEST_STEP][PASSED] - delay(2): Delayed 2 second(s)

03-05-2026T16:44:37 - [MESSAGE][PASSED] - Delayed 2 second(s)

03-05-2026T16:44:37 - [TEST_STEP][PASSED] - click(findTestObject("Page_Navbar/link_logout")): Object: 'Object Repository/Page_Navbar/link_logout' is clicked on

03-05-2026T16:44:38 - [MESSAGE][PASSED] - Object: 'Object Repository/Page_Navbar/link_logout' is clicked on

03-05-2026T16:44:38 - [TEST_STEP][PASSED] - delay(2): Delayed 2 second(s)

03-05-2026T16:44:40 - [MESSAGE][PASSED] - Delayed 2 second(s)

03-05-2026T16:44:40 - [TEST_STEP][PASSED] - verifyMatch(getUrl(), ".*index.php.*", true): Actual text 'https://sqashop.infinityfree.me/index.php' and expected text '.*index.php.*' are matched  using regular expression

03-05-2026T16:44:40 - [MESSAGE][PASSED] - Current window's url is: 'https://sqashop.infinityfree.me/index.php'

03-05-2026T16:44:40 - [MESSAGE][PASSED] - Actual text 'https://sqashop.infinityfree.me/index.php' and expected text '.*index.php.*' are matched  using regular expression

03-05-2026T16:44:40 - [TEST_STEP][PASSED] - navigateToUrl(baseUrl + "/checkout.php"): Navigate to 'https://sqashop.infinityfree.me/checkout.php' successfully

03-05-2026T16:44:41 - [MESSAGE][PASSED] - Navigate to 'https://sqashop.infinityfree.me/checkout.php' successfully

03-05-2026T16:44:41 - [TEST_STEP][PASSED] - delay(2): Delayed 2 second(s)

03-05-2026T16:44:43 - [MESSAGE][PASSED] - Delayed 2 second(s)

03-05-2026T16:44:43 - [TEST_STEP][PASSED] - verifyMatch(getUrl(), ".*login.php.*", true): Actual text 'https://sqashop.infinityfree.me/login.php' and expected text '.*login.php.*' are matched  using regular expression

03-05-2026T16:44:43 - [MESSAGE][PASSED] - Current window's url is: 'https://sqashop.infinityfree.me/login.php'

03-05-2026T16:44:43 - [MESSAGE][PASSED] - Actual text 'https://sqashop.infinityfree.me/login.php' and expected text '.*login.php.*' are matched  using regular expression

03-05-2026T16:44:43 - [TEST_STEP][PASSED] - navigateToUrl(baseUrl + "/riwayat.php"): Navigate to 'https://sqashop.infinityfree.me/riwayat.php' successfully

03-05-2026T16:44:44 - [MESSAGE][PASSED] - Navigate to 'https://sqashop.infinityfree.me/riwayat.php' successfully

03-05-2026T16:44:44 - [TEST_STEP][PASSED] - delay(2): Delayed 2 second(s)

03-05-2026T16:44:46 - [MESSAGE][PASSED] - Delayed 2 second(s)

03-05-2026T16:44:46 - [TEST_STEP][PASSED] - verifyMatch(getUrl(), ".*login.php.*", true): Actual text 'https://sqashop.infinityfree.me/login.php' and expected text '.*login.php.*' are matched  using regular expression

03-05-2026T16:44:46 - [MESSAGE][PASSED] - Current window's url is: 'https://sqashop.infinityfree.me/login.php'

03-05-2026T16:44:46 - [MESSAGE][PASSED] - Actual text 'https://sqashop.infinityfree.me/login.php' and expected text '.*login.php.*' are matched  using regular expression

03-05-2026T16:44:46 - [TEST_STEP][PASSED] - closeBrowser(): Browser is closed

03-05-2026T16:44:46 - [MESSAGE][PASSED] - Browser is closed]]></system-out>
         <system-err><![CDATA[]]></system-err>
      </testcase>
      <system-out><![CDATA[03-05-2026T16:43:14 - [TEST_SUITE][PASSED] - TS_Riwayat_Logout: null]]></system-out>
      <system-err><![CDATA[]]></system-err>
   </testsuite>
</testsuites>
